Iteration	Posterior	Likelihood	Prior	rate_log_sd	rate_loss	tree_length
0	-2677.381	-3298.905	621.5232	1.80366	1.389271	3.571478
6	-2676.482	-3296.755	620.2729	1.63308	1.825466	4.211983
12	-2690.592	-3311.842	621.2504	1.61963	1.952477	3.614494
18	-2675.886	-3296.176	620.2901	1.584414	1.544564	4.336685
24	-2692.351	-3314.192	621.841	1.571719	1.591852	3.434168
30	-2691.983	-3313.208	621.2248	1.51289	2.043712	3.660188
36	-2689.489	-3309.939	620.4494	1.666174	1.758464	4.11726
42	-2704.376	-3326.782	622.4057	1.64442	1.450834	3.118456
48	-2692.34	-3314.589	622.2498	1.613611	1.200681	3.348632
54	-2707.267	-3328.401	621.1339	1.6573	1.582105	3.798808
60	-2713.259	-3331.973	618.7142	1.456182	2.010833	5.121317
66	-2717.148	-3338.014	620.8659	1.595935	1.609703	3.976726
72	-2708.893	-3329.477	620.5845	1.570076	1.464084	4.211495
78	-2727.714	-3347.168	619.4537	1.511494	1.407557	4.903764
84	-2730.977	-3351.635	620.6579	1.629827	1.369518	4.177142
90	-2722	-3341.613	619.613	1.30208	1.468263	4.905993
96	-2705.085	-3324.404	619.3191	1.400742	1.554234	4.979679
102	-2695.606	-3315.266	619.6596	1.55337	1.595154	4.688528
108	-2699.921	-3319.981	620.0594	1.440988	1.595154	4.527363
114	-2687.275	-3307.703	620.4285	1.599813	1.687626	4.193419
120	-2699.159	-3320.28	621.1208	1.689833	1.510714	3.817085
126	-2713.709	-3333.179	619.4707	1.605282	1.773603	4.69816
132	-2707.741	-3329.905	622.1638	1.66447	1.194421	3.372491
138	-2709.63	-3330.946	621.3156	1.682108	1.460642	3.730604
144	-2693.604	-3314.005	620.4009	1.401122	1.46676	4.409775
150	-2686.523	-3306.981	620.4578	1.489889	1.168902	4.464211
156	-2684.593	-3306.537	621.9438	1.547293	1.103833	3.616823
162	-2686.615	-3309.611	622.9965	1.583541	1.103833	2.974624
168	-2681.843	-3304.322	622.4797	1.641645	1.379306	3.108789
174	-2672.92	-3295.269	622.3498	1.759747	1.501595	3.060537
180	-2672.694	-3293.415	620.7207	1.520243	1.51614	4.140655
186	-2685.692	-3306.955	621.2634	1.533655	1.261709	3.936614
192	-2671.274	-3293.763	622.4888	1.596386	1.285262	3.175264
198	-2667.447	-3289.841	622.3942	1.719967	1.250574	3.175264
204	-2677.188	-3299.359	622.1709	1.647481	1.302967	3.324333
210	-2676.338	-3299.62	623.2822	1.808403	1.16579	2.629507
216	-2674.547	-3297.424	622.8769	1.599876	1.36086	2.90432
222	-2667.601	-3288.699	621.0987	1.514762	1.36086	3.995465
228	-2679.336	-3298.559	619.2224	1.354555	1.303069	5.165355
234	-2683.135	-3303.507	620.3724	1.354555	1.218131	4.564124
240	-2680.956	-3299.596	618.64	1.343568	1.218131	5.53197
246	-2684.337	-3303.517	619.1802	1.343568	1.218131	5.234202
252	-2684.241	-3303.971	619.7301	1.470198	1.662079	4.669838
258	-2687.578	-3308.485	620.9069	1.605566	1.079375	4.191312
264	-2693.705	-3314.334	620.6287	1.599979	1.490484	4.158281
270	-2682.713	-3303.261	620.5476	1.444925	1.332977	4.360766
276	-2706.719	-3325.945	619.2268	1.485195	1.39561	5.04966
282	-2705.566	-3324.718	619.1518	1.358816	1.738032	5.026156
288	-2705.218	-3324.203	618.9848	1.549358	1.702278	5.026156
294	-2706.731	-3325.924	619.1931	1.433465	1.987105	4.875614
300	-2710.919	-3330.641	619.722	1.404316	1.416408	4.810145
306	-2698.412	-3317.818	619.4063	1.472377	1.50064	4.912913
312	-2715.923	-3334.775	618.8524	1.340144	2.136498	5.069307
318	-2710.56	-3328.671	618.1106	1.331054	1.469436	5.718932
324	-2716.709	-3336.611	619.9026	1.594099	1.324267	4.64362
330	-2706.965	-3326.038	619.0728	1.500534	1.566613	5.056164
336	-2702.225	-3322.575	620.3493	1.419836	1.612539	4.369138
342	-2700.14	-3319.083	618.943	1.375396	1.447066	5.245773
348	-2699.178	-3319.623	620.4445	1.399019	1.561823	4.347218
354	-2700.676	-3320.194	619.5182	1.490015	1.561823	4.81609
360	-2713.335	-3333.151	619.8163	1.481918	1.591535	4.64223
366	-2696.548	-3315.825	619.2774	1.344539	1.761925	4.95564
372	-2716.634	-3336.804	620.17	1.664666	1.898141	4.226886
378	-2696.123	-3315.072	618.9487	1.48583	1.88243	5.017485
384	-2711.961	-3332.768	620.8066	1.850623	1.737927	3.815016
390	-2700.196	-3321.154	620.9575	1.621828	1.718879	3.867009
396	-2700.768	-3321.382	620.6142	1.704637	1.378976	4.155197
402	-2686.17	-3306.643	620.4734	1.638783	1.663057	4.155197
408	-2697.291	-3317.799	620.5085	1.707459	1.515323	4.155197
414	-2699.836	-3319.652	619.8154	1.4677	1.493891	4.68996
420	-2699.752	-3319.413	619.6607	1.4677	1.443999	4.797248
426	-2700.01	-3319.531	619.5212	1.523302	1.443999	4.844044
432	-2709.241	-3327.941	618.6998	1.456103	1.418651	5.347429
438	-2713.639	-3333.055	619.416	1.491222	1.587632	4.862245
444	-2714.011	-3333.85	619.8395	1.56909	1.625078	4.567237
450	-2719.441	-3338.579	619.138	1.572724	1.973279	4.833244
456	-2694.374	-3314.072	619.6982	1.524639	1.766003	4.618623
462	-2687.552	-3307.485	619.933	1.628738	1.482979	4.53824
468	-2677.541	-3298.268	620.7266	1.573336	1.482979	4.120942
474	-2682.782	-3303.432	620.6503	1.646354	1.587071	4.080053
480	-2676.533	-3297.113	620.5795	1.522186	1.620842	4.177553
486	-2683.949	-3304.49	620.5411	1.470643	1.224156	4.400924
492	-2683.718	-3304.3	620.5821	1.803146	1.409861	4.103812
498	-2692.671	-3313.06	620.3895	1.564409	1.409861	4.348389
504	-2698.227	-3319.333	621.106	1.639622	1.548183	3.838864
510	-2680.151	-3300.631	620.4806	1.639622	1.444006	4.239548
516	-2679.889	-3299.778	619.889	1.693829	1.908344	4.365829
522	-2679.856	-3301.395	621.5387	1.847304	1.750505	3.38702
528	-2679.16	-3300.301	621.141	1.881655	1.593186	3.660676
534	-2680.181	-3300.261	620.0797	1.671034	1.632363	4.371804
540	-2686.915	-3308.27	621.355	1.588036	1.353445	3.809809
546	-2680.403	-3300.63	620.2271	1.639406	1.473017	4.370751
552	-2684.37	-3303.173	618.8023	1.386002	1.709778	5.215022
558	-2671.526	-3291.781	620.2551	1.469142	1.567668	4.41225
564	-2676.155	-3295.499	619.3434	1.502381	1.972283	4.758213
570	-2690.466	-3311.436	620.9706	1.575368	1.649034	3.913052
576	-2682.851	-3302.87	620.0185	1.63196	1.490674	4.485166
582	-2666.782	-3286.595	619.8128	1.506818	1.778703	4.559766
588	-2679.537	-3298.14	618.6024	1.519486	2.234047	5.078878
594	-2672.927	-3291.865	618.9376	1.503104	1.699893	5.078878
600	-2684.792	-3305.317	620.5246	1.574316	1.841877	4.096509
606	-2682.505	-3301.423	618.9178	1.470636	1.920976	5.030026
612	-2698.048	-3317.213	619.1649	1.496776	1.509336	5.030026
618	-2693.106	-3312.786	619.6805	1.604457	1.623584	4.637167
624	-2685.667	-3305.12	619.4529	1.549384	1.623584	4.795275
630	-2687.996	-3309.037	621.0402	1.873989	1.572406	3.731821
636	-2693.987	-3314.84	620.8528	1.772054	1.468903	3.941426
642	-2679.803	-3300.954	621.1515	1.643013	1.228301	3.954292
648	-2692.206	-3314.155	621.949	1.72333	1.572982	3.289472
654	-2696.349	-3317.35	621.0007	1.646595	1.731565	3.82313
660	-2698.373	-3318.936	620.5628	1.534625	1.731565	4.137591
666	-2668.51	-3288.499	619.9893	1.494329	1.768919	4.471066
672	-2683.049	-3303.271	620.2218	1.468372	1.768919	4.354593
678	-2672.079	-3291.583	619.5033	1.43049	1.75461	4.784518
684	-2676.9	-3297.606	620.7056	1.423517	1.523099	4.201269
690	-2695.149	-3314.966	619.8174	1.353508	1.618661	4.702926
696	-2693.913	-3313.257	619.344	1.425026	1.666994	4.908742
702	-2697.556	-3317.024	619.4686	1.582843	1.710395	4.734958
708	-2690.727	-3311.235	620.5082	1.577295	1.363403	4.294498
714	-2688.613	-3308.728	620.1148	1.577295	1.704912	4.377207
720	-2698.323	-3318.495	620.1724	1.563396	1.815702	4.311923
726	-2680.617	-3300.836	620.2186	1.555535	1.755877	4.311923
732	-2687.046	-3308.298	621.2517	1.760837	1.444075	3.729233
738	-2687.637	-3309.288	621.6511	1.681436	1.38487	3.57018
744	-2697.884	-3319.766	621.8815	1.628684	1.775644	3.304457
750	-2679.762	-3302.184	622.4221	1.607243	1.321567	3.19078
756	-2695.853	-3316.899	621.0467	1.582647	1.324928	4.002785
762	-2686.664	-3307.04	620.376	1.452978	1.235794	4.498307
768	-2679.969	-3301.905	621.9367	1.494716	1.630245	3.40761
774	-2675.786	-3296.179	620.3933	1.63137	1.399589	4.312929
780	-2686.076	-3308.715	622.6399	1.58795	1.085865	3.194812
786	-2693.17	-3315.049	621.8786	1.593799	1.176766	3.58934
792	-2685.804	-3307.192	621.3878	1.67254	1.52411	3.667344
798	-2691.479	-3313.241	621.761	1.646819	1.282332	3.574353
804	-2681.031	-3302.027	620.9953	1.42236	1.393298	4.09263
810	-2685.565	-3305.742	620.1769	1.507926	1.55778	4.438413
816	-2680.44	-3299.593	619.1537	1.429455	1.709063	4.99644
822	-2685.724	-3306.523	620.7992	1.510074	1.38962	4.155933
828	-2688.856	-3310.546	621.6906	1.732461	1.496992	3.467902
834	-2697.648	-3320.259	622.6103	1.632077	1.517443	2.973981
840	-2686.749	-3309.578	622.8285	1.888077	1.494845	2.696061
846	-2684.22	-3306.775	622.5545	1.919904	1.286725	2.941864
852	-2705.873	-3328.669	622.7953	1.82986	1.265411	2.861504
858	-2706.064	-3328.307	622.2433	1.820119	1.265411	3.197999
864	-2694.216	-3314.127	619.9108	1.569256	1.271132	4.677359
870	-2698.165	-3318.033	619.8673	1.443744	1.461043	4.687991
876	-2686.416	-3306.812	620.3959	1.611192	1.452447	4.300022
882	-2676.624	-3297.205	620.5812	1.55797	1.429582	4.235041
888	-2676.925	-3298.165	621.2404	1.618173	1.591458	3.756169
894	-2677.269	-3298.603	621.3341	1.657117	1.410861	3.756169
900	-2678.708	-3299.373	620.6648	1.623095	1.563387	4.094586
906	-2708.729	-3328.294	619.5646	1.802077	1.942439	4.476101
912	-2690.143	-3311.217	621.0741	1.716088	1.951603	3.661129
918	-2686.497	-3307.847	621.3501	1.66623	1.595146	3.663543
924	-2669.882	-3291.294	621.4114	1.785079	1.353394	3.663543
930	-2675.695	-3295.556	619.861	1.640511	1.530361	4.552638
936	-2679.207	-3299.709	620.5014	1.75642	1.560863	4.112686
942	-2688.024	-3309.138	621.1133	1.754355	1.407495	3.828811
948	-2687.602	-3308.749	621.1472	1.857449	1.774046	3.600637
954	-2684.12	-3305.76	621.6406	1.857449	1.612204	3.375797
960	-2679.391	-3300.669	621.2787	1.777213	1.311125	3.764383
966	-2690.656	-3312.044	621.388	1.771751	1.504811	3.617857
972	-2691.03	-3311.065	620.0347	1.657336	1.828702	4.332033
978	-2681.114	-3301.682	620.5681	1.789883	1.527475	4.069315
984	-2693.474	-3314.026	620.5512	1.564932	1.527475	4.206865
990	-2674.447	-3295.12	620.6736	1.598826	1.500874	4.12907
996	-2678.414	-3298.621	620.2073	1.684689	1.736207	4.252484
1002	-2671.073	-3292.209	621.1357	1.684689	1.528055	3.804184
1008	-2678.081	-3298.587	620.506	1.576608	1.359271	4.297972
1014	-2665.13	-3285.062	619.9321	1.569497	1.473395	4.576002
1020	-2684.627	-3304.965	620.3383	1.642802	1.601475	4.253615
1026	-2683.941	-3304.575	620.6337	1.618787	1.857547	4.003289
1032	-2692.144	-3313.6	621.4567	1.765399	1.775199	3.47358
1038	-2679.567	-3299.934	620.3669	1.757753	1.750753	4.114968
1044	-2672.366	-3293.71	621.344	1.659289	1.423433	3.743668
1050	-2683.48	-3304.751	621.2709	1.664993	1.4762	3.759562
1056	-2687.663	-3308.057	620.3937	1.73091	1.940805	4.047279
1062	-2671.171	-3291.723	620.5519	1.683283	1.484146	4.157268
1068	-2699.316	-3319.571	620.2547	1.679797	1.335534	4.392383
1074	-2695.382	-3314.918	619.5353	1.664648	2.387023	4.431645
1080	-2700.072	-3320.548	620.4762	1.64202	1.630339	4.164429
1086	-2676.572	-3296.843	620.2709	1.660757	1.758432	4.221788
1092	-2660.095	-3281.508	621.4128	1.737147	1.814608	3.501038
1098	-2668.795	-3290.36	621.5652	1.815454	1.85374	3.351566
1104	-2674.292	-3295.768	621.4761	1.616486	1.897771	3.50431
1110	-2670.249	-3291.305	621.0562	1.727012	1.467483	3.851206
1116	-2672.035	-3294.049	622.0148	1.879843	1.660075	3.122041
1122	-2662.912	-3284.57	621.6587	1.705316	1.660075	3.435093
1128	-2659.304	-3279.927	620.6232	1.676681	1.43517	4.14138
1134	-2675.695	-3295.735	620.0402	1.495234	1.627783	4.494916
1140	-2673.941	-3294.327	620.386	1.478582	1.53765	4.345108
1146	-2681.782	-3302.17	620.3882	1.577722	1.512444	4.298137
1152	-2679.094	-3300.128	621.0335	1.557817	1.121446	4.124243
1158	-2676.045	-3295.956	619.9103	1.478105	1.345657	4.69462
1164	-2690.543	-3310.483	619.9397	1.407068	1.231442	4.770622
1170	-2690.823	-3311.885	621.0627	1.604112	1.616987	3.856323
1176	-2690.118	-3309.608	619.4899	1.655513	1.813898	4.644882
1182	-2689.724	-3309.399	619.675	1.512014	1.813898	4.621537
1188	-2694.037	-3313.784	619.7469	1.441077	1.778406	4.633697
1194	-2681.566	-3300.977	619.4112	1.484302	1.419343	4.937526
1200	-2679.314	-3297.507	618.1932	1.523763	2.510723	5.224524
1206	-2668.846	-3288.125	619.2796	1.487075	1.764574	4.874103
1212	-2668.514	-3288.976	620.4625	1.608098	1.97247	4.067283
1218	-2685.98	-3307.539	621.5589	1.817854	1.798186	3.37442
1224	-2691.487	-3313.577	622.0907	1.817854	1.101674	3.37442
1230	-2686.614	-3307.37	620.7561	1.518692	1.812601	4.006684
1236	-2681.441	-3301.165	619.7248	1.351807	1.360027	4.862386
1242	-2697.125	-3317.056	619.9313	1.395106	1.681822	4.591678
1248	-2698.824	-3317.448	618.6235	1.45042	1.630809	5.307741
1254	-2708.679	-3328.424	619.7455	1.325932	1.454998	4.824423
1260	-2722.225	-3341.373	619.1484	1.386387	1.808363	4.987526
1266	-2712.259	-3332.182	619.9224	1.398893	1.578415	4.634445
1272	-2705.084	-3325.295	620.2105	1.727011	1.809859	4.199729
1278	-2705.002	-3324.548	619.546	1.678698	1.795508	4.606967
1284	-2703.162	-3321.758	618.5961	1.656072	1.795508	5.148835
1290	-2692.706	-3311.437	618.7311	1.425779	1.51077	5.308874
1296	-2696.684	-3315.905	619.2215	1.456769	1.650329	4.965544
1302	-2694.636	-3313.45	618.8142	1.455951	1.354672	5.311944
1308	-2682.573	-3303.135	620.5619	1.44527	1.392017	4.326141
1314	-2677.912	-3298.035	620.1232	1.579282	1.227042	4.573573
1320	-2694.789	-3313.118	618.3293	1.379742	1.285559	5.651475
1326	-2690.692	-3309.518	618.8259	1.412916	1.425967	5.298627
1332	-2701.196	-3319.871	618.6747	1.543271	1.453414	5.298627
1338	-2690.724	-3310.473	619.7492	1.484222	1.325899	4.790122
1344	-2702.927	-3323.492	620.5647	1.760134	2.228362	3.839011
1350	-2699.223	-3320.309	621.0857	1.861132	2.497795	3.397606
1356	-2685.697	-3305.54	619.843	1.723129	2.161479	4.292426
1362	-2681.787	-3302.745	620.9582	1.772078	1.91695	3.707836
1368	-2686.157	-3306.039	619.8817	1.640886	1.586463	4.518277
1374	-2689.512	-3309.043	619.5308	1.676514	2.087129	4.518277
1380	-2683.475	-3304.183	620.7079	1.797994	1.553587	3.974124
1386	-2685.243	-3305.487	620.2444	1.596716	1.429142	4.403775
1392	-2683.676	-3305.117	621.4407	1.706283	1.467534	3.641256
1398	-2691.589	-3312.867	621.2779	1.706088	1.752744	3.620619
1404	-2690.677	-3311.319	620.6421	1.756879	1.919987	3.897533
1410	-2681.403	-3303.501	622.0984	1.752031	1.864672	3.069311
1416	-2673.188	-3294.528	621.34	1.724031	1.490084	3.679617
1422	-2674.048	-3294.865	620.8175	1.551043	1.39342	4.120558
1428	-2675.54	-3295.466	619.9263	1.581642	1.718824	4.47581
1434	-2684.38	-3305.813	621.4332	1.554899	1.314027	3.802078
1440	-2679.919	-3300.396	620.4769	1.375272	1.139849	4.532627
1446	-2671.907	-3293.083	621.1765	1.295309	1.303117	4.102733
1452	-2683.48	-3304.79	621.3104	1.673098	1.273887	3.823729
1458	-2694.682	-3316.21	621.5272	1.630848	1.392373	3.66802
1464	-2679.948	-3300.832	620.8847	1.640446	1.532321	3.971879
1470	-2696.684	-3318.154	621.4698	1.624141	1.94145	3.48808
1476	-2706.224	-3328.47	622.2462	1.843309	1.634552	3.016048
1482	-2688.423	-3309.304	620.8817	1.753929	1.871938	3.77834
1488	-2694.273	-3315.769	621.4959	1.831374	1.871938	3.37626
1494	-2687.424	-3308.958	621.5339	1.603273	1.632772	3.57828
1500	-2682.286	-3302.683	620.3969	1.603273	1.871758	4.14212
1506	-2675.878	-3296.166	620.2885	1.562136	1.871758	4.227017
1512	-2678.983	-3300.561	621.5783	1.745326	1.360496	3.586519
1518	-2678.142	-3298.529	620.3865	1.632816	1.572014	4.243692
1524	-2662.796	-3283.066	620.2704	1.617486	1.712148	4.263797
1530	-2657.815	-3279.558	621.7429	1.54756	1.495692	3.545825
1536	-2655.526	-3277.595	622.0693	1.686916	1.469083	3.284545
1542	-2658.256	-3280.109	621.854	1.741838	1.696513	3.284545
1548	-2658.596	-3279.126	620.5301	1.662289	1.696513	4.096754
1554	-2670.526	-3291.07	620.5437	1.662289	1.552368	4.145639
1560	-2674.748	-3295.7	620.9518	1.565289	1.638608	3.933642
1566	-2700.668	-3321.552	620.8845	1.710883	1.361754	4.005368
1572	-2681.182	-3303.105	621.9229	1.707886	1.615979	3.296195
1578	-2679.041	-3300.7	621.6588	1.75497	1.45642	3.490934
1584	-2689.303	-3311.748	622.4446	1.643651	1.415013	3.111973
1590	-2684.151	-3305.725	621.5741	1.826991	2.022863	3.279625
1596	-2675.66	-3297.761	622.1011	1.722022	1.611807	3.184195
1602	-2674.222	-3295.181	620.959	1.600935	1.691803	3.888467
1608	-2668.18	-3289.359	621.1797	1.603202	1.703732	3.755632
1614	-2677.058	-3296.547	619.4891	1.620988	1.348305	4.848905
1620	-2669.02	-3289.124	620.1039	1.638767	1.484491	4.435792
1626	-2667.052	-3288.328	621.2756	1.770089	1.692691	3.607828
1632	-2662.202	-3283.083	620.8806	1.777201	1.710397	3.825098
1638	-2660.788	-3282.134	621.3458	1.868512	1.710397	3.502827
1644	-2674.423	-3296.552	622.1287	1.732208	1.917556	3.043616
1650	-2690.12	-3310.36	620.2401	1.615587	1.98741	4.184566
1656	-2698.74	-3319.063	620.3226	1.600552	2.058033	4.12284
1662	-2705.867	-3327.84	621.9726	1.571872	1.959911	3.216782
1668	-2695.32	-3316.028	620.7084	1.630823	2.252776	3.82322
1674	-2704.773	-3326.285	621.5121	1.623346	2.282528	3.351341
1680	-2684.568	-3306.909	622.3409	1.722466	2.262208	2.803505
1686	-2696.052	-3316.582	620.5299	1.620018	2.262208	3.928977
1692	-2666.102	-3287.11	621.0077	1.650245	1.553797	3.886939
1698	-2672.127	-3293.271	621.1442	1.655658	1.611551	3.781952
1704	-2674.344	-3294.281	619.9367	1.632646	1.531608	4.514
1710	-2672.424	-3292.992	620.5685	1.540861	1.639033	4.166107
1716	-2689.902	-3307.865	617.9638	1.483311	1.639033	5.649498
1722	-2688.461	-3308.082	619.6211	1.556405	1.710226	4.664526
1728	-2688.178	-3309.182	621.0038	1.588634	1.710226	3.862752
1734	-2690.562	-3309.926	619.3639	1.571484	1.535414	4.867259
1740	-2695.399	-3314.615	619.2159	1.534054	1.809849	4.867259
1746	-2681.996	-3301.354	619.358	1.564884	1.552845	4.867259
1752	-2693.633	-3312.972	619.3392	1.521977	1.64107	4.867259
1758	-2698.224	-3317.973	619.7495	1.53903	1.740823	4.591
1764	-2690.873	-3311.441	620.5678	1.522718	1.617455	4.185205
1770	-2683.109	-3303.496	620.3866	1.55387	1.498581	4.318311
1776	-2678.575	-3299.041	620.4659	1.602713	1.331822	4.318311
1782	-2692.076	-3313.25	621.174	1.789859	1.761365	3.629065
1788	-2691.706	-3312.845	621.139	1.789859	1.918044	3.592417
1794	-2684.692	-3306.592	621.9005	1.875091	2.010326	3.061622
1800	-2673.302	-3293.757	620.455	1.691918	1.379954	4.252334
1806	-2675.165	-3295.329	620.1638	1.624583	1.588112	4.367893
1812	-2683.589	-3304.215	620.6257	1.634097	1.407479	4.176199
1818	-2684.914	-3306.182	621.2681	1.712916	1.540873	3.706217
1824	-2685.941	-3306.089	620.1478	1.565484	1.630014	4.393821
1830	-2683.293	-3304.198	620.9052	1.452225	1.552464	4.05937
1836	-2695.857	-3316.766	620.9088	1.607133	1.590272	3.953502
1842	-2697.775	-3319.127	621.3524	1.551084	1.654916	3.704955
1848	-2698.153	-3319.143	620.99	1.54546	1.524705	3.96912
1854	-2707.891	-3327.646	619.7552	1.539511	1.178671	4.825282
1860	-2724.05	-3343.836	619.7858	1.360691	1.355812	4.825282
1866	-2715.301	-3335.83	620.5294	1.520695	1.355812	4.317942
1872	-2712.295	-3333.973	621.6776	1.61853	1.527054	3.529155
1878	-2694.636	-3314.618	619.9821	1.510292	1.710081	4.487835
1884	-2693.188	-3313.344	620.1564	1.567472	1.387563	4.487835
1890	-2682.545	-3302.119	619.574	1.472833	1.646581	4.761554
1896	-2695.21	-3315.888	620.6774	1.817175	1.646581	3.943401
1902	-2686.143	-3306.093	619.9504	1.694285	1.543423	4.466798
1908	-2683.767	-3303.531	619.764	1.675763	1.849947	4.466798
1914	-2693.021	-3312.828	619.807	1.684458	1.849947	4.437688
1920	-2673.614	-3294.282	620.6681	1.741178	1.779502	3.941867
1926	-2682.746	-3303.434	620.6875	1.791873	1.936248	3.845709
1932	-2695.13	-3313.364	618.2344	1.537169	1.947441	5.362518
1938	-2710.381	-3329.778	619.3966	1.651771	1.528769	4.806948
1944	-2694.464	-3313.993	619.5289	1.656217	1.792529	4.630204
1950	-2697.144	-3316.782	619.6378	1.631635	1.664419	4.630204
1956	-2703.929	-3323.953	620.024	1.729605	1.674702	4.353876
1962	-2704.856	-3324.605	619.7493	1.729605	1.618431	4.530284
1968	-2720.107	-3339.552	619.4449	1.57181	1.708177	4.755234
1974	-2694.999	-3315.745	620.7454	1.601864	2.123275	3.859255
1980	-2678.67	-3298.98	620.3101	1.701696	1.539354	4.261157
1986	-2681.94	-3301.539	619.5985	1.742713	1.979678	4.47796
1992	-2690.691	-3311.755	621.0641	1.590433	1.672392	3.841634
1998	-2691.381	-3311.923	620.5425	1.686813	1.250551	4.265246
2004	-2680.829	-3302.986	622.1575	1.740803	1.539258	3.170042
2010	-2682.673	-3305.363	622.6895	1.91527	1.598028	2.719232
2016	-2683.127	-3305.657	622.5296	1.623117	1.18303	3.18693
2022	-2688.62	-3310.674	622.0542	1.806566	1.671257	3.137665
2028	-2695.727	-3318.005	622.2779	1.825287	1.712133	2.97639
2034	-2693.315	-3316.601	623.2858	1.691053	1.794494	2.406511
2040	-2696.304	-3319.004	622.6997	1.671944	1.455715	2.923591
2046	-2696.014	-3318.389	622.3758	1.709332	1.734107	2.978565
2052	-2721.127	-3341.339	620.2124	1.475291	1.699182	4.381844
2058	-2693.703	-3315.569	621.8663	1.578025	1.699182	3.372635
2064	-2689.002	-3310.986	621.9838	1.678511	1.822024	3.197101
2070	-2685.659	-3307.379	621.7193	1.573608	1.66307	3.475499
2076	-2686.508	-3307.892	621.3842	1.670076	2.000601	3.490725
2082	-2692.793	-3314.356	621.5631	1.737455	1.751035	3.436868
2088	-2690.595	-3311.545	620.9508	1.524249	1.64112	3.956771
2094	-2693.741	-3315.313	621.5713	1.572861	1.179102	3.77806
2100	-2687.737	-3310.343	622.6063	1.657919	1.306563	3.058251
2106	-2696.048	-3317.205	621.1575	1.724435	1.980234	3.598013
2112	-2704.128	-3325.637	621.5088	1.757946	1.712649	3.471374
2118	-2693.241	-3313.92	620.6784	1.646225	1.754155	3.999619
2124	-2692.313	-3312.65	620.3374	1.597174	1.638631	4.265412
2130	-2689.036	-3309.307	620.2711	1.555544	1.638631	4.326458
2136	-2676.076	-3296.712	620.6354	1.635273	1.390136	4.177616
2142	-2675.564	-3296.736	621.1712	1.782125	1.440243	3.765055
2148	-2671.934	-3291.668	619.7338	1.593397	1.802178	4.547019
2154	-2681.817	-3302.019	620.2017	1.582341	2.115878	4.183269
2160	-2693.751	-3313.907	620.1563	1.582341	1.89239	4.283287
2166	-2700.53	-3319.763	619.2329	1.673097	1.888591	4.752791
2172	-2699.058	-3319.643	620.5854	1.572886	1.65075	4.133723
2178	-2696.004	-3315.973	619.9696	1.519769	1.65075	4.511941
2184	-2690.514	-3311.909	621.3949	1.755687	1.8508	3.487377
2190	-2688.315	-3309.84	621.5244	1.755403	1.424649	3.583004
2196	-2684.556	-3304.845	620.2887	1.815944	2.004368	4.037151
2202	-2674.21	-3294.286	620.0767	1.646839	2.004368	4.253851
2208	-2681.385	-3302.735	621.3503	1.599367	1.823844	3.614123
2214	-2689.317	-3311.332	622.015	1.706747	1.429581	3.32236
2220	-2696.011	-3317.269	621.2582	1.77531	1.830012	3.56314
2226	-2707.54	-3327.675	620.1347	1.610482	1.761624	4.326173
2232	-2694.284	-3315.102	620.8176	1.776535	1.440879	3.971054
2238	-2685.425	-3307.944	622.5183	1.921938	1.440879	2.888952
2244	-2681.687	-3303.607	621.9204	1.921938	1.171971	3.375801
2250	-2680.785	-3302.078	621.2929	1.536845	1.468893	3.823872
2256	-2694.898	-3316.092	621.1946	1.720331	1.650696	3.699978
2262	-2720.612	-3341.765	621.1531	1.521489	1.386728	3.948828
2268	-2721.848	-3341.327	619.4787	1.551291	1.291897	4.919008
2274	-2698.977	-3319.05	620.0734	1.572433	1.605287	4.44151
2280	-2683.932	-3303.895	619.9622	1.671294	1.623088	4.44151
2286	-2676.742	-3295.496	618.7537	1.483504	1.698857	5.191996
2292	-2693.989	-3313.494	619.5051	1.339739	1.925165	4.774484
2298	-2680.656	-3299.116	618.4595	1.301146	1.693359	5.457001
2304	-2696.217	-3316.376	620.1592	1.493746	1.658122	4.417013
2310	-2696.044	-3316.094	620.0494	1.589669	2.245224	4.225284
2316	-2693.44	-3313.911	620.4711	1.547261	1.696803	4.195581
2322	-2687.15	-3306.191	619.0407	1.512422	1.929616	4.935578
2328	-2657.224	-3276.051	618.8273	1.387226	1.278268	5.376853
2334	-2652.089	-3269.5	617.4117	1.387226	1.516203	6.051326
2340	-2673.984	-3292.969	618.9849	1.445547	1.245753	5.272748
2346	-2680.481	-3298.766	618.2845	1.366739	1.755063	5.494821
2352	-2686.468	-3306.016	619.548	1.469303	1.755063	4.737704
2358	-2695.705	-3314.796	619.0902	1.493515	1.852155	4.945014
2364	-2700.64	-3320.07	619.4309	1.40354	1.852155	4.805327
2370	-2690.911	-3311.257	620.3456	1.556665	1.300791	4.426435
2376	-2705.256	-3325.785	620.5285	1.726016	1.383325	4.189854
2382	-2713.023	-3334.215	621.1918	1.71713	1.413835	3.80229
2388	-2699.983	-3321.062	621.0789	1.678248	1.904802	3.69658
2394	-2692.386	-3315.684	623.2977	1.779866	1.868245	2.313206
2400	-2693.555	-3315.281	621.7263	1.904553	1.608602	3.29918
2406	-2685.005	-3306.162	621.1569	1.802842	1.767468	3.629156
2412	-2674.66	-3296.249	621.5884	1.722946	1.28491	3.629156
2418	-2682.27	-3304.045	621.775	1.765186	1.343596	3.468166
2424	-2680.935	-3301.584	620.6492	1.706387	1.418141	4.11708
2430	-2692.241	-3312.895	620.6542	1.752551	1.352447	4.117132
2436	-2677.416	-3298.49	621.0733	1.605336	1.274384	3.998301
2442	-2683.264	-3304.257	620.9928	1.583475	1.225885	4.080089
2448	-2686.878	-3307.633	620.7553	1.687369	1.397714	4.07644
2454	-2677.137	-3298.918	621.7809	1.673065	1.13843	3.619974
2460	-2669.887	-3292.407	622.5199	1.760179	1.13779	3.135324
2466	-2677.079	-3296.712	619.6325	1.793274	1.757458	4.507772
2472	-2680.212	-3301.964	621.7523	1.740473	1.500135	3.425818
2478	-2694.805	-3314.574	619.7685	1.592335	1.737311	4.551698
2484	-2669.652	-3290.043	620.3917	1.43431	1.86444	4.24354
2490	-2682.837	-3301.084	618.2478	1.388266	1.501533	5.599313
2496	-2695.136	-3314.289	619.1531	1.292901	1.4336	5.180863
2502	-2682.754	-3301.311	618.5569	1.353952	1.469375	5.461308
2508	-2689.957	-3308.237	618.2798	1.450617	1.384637	5.59608
2514	-2700.752	-3318.994	618.242	1.424656	1.474521	5.593486
2520	-2707.567	-3327.126	619.5594	1.370782	1.474521	4.895028
2526	-2698.678	-3319.122	620.4441	1.57713	1.138523	4.438146
2532	-2702.24	-3322.299	620.0592	1.570292	1.254165	4.60161
2538	-2701.275	-3322.088	620.813	1.646316	1.474832	4.033568
2544	-2699.597	-3321.084	621.4865	1.470533	1.330129	3.812494
2550	-2692.858	-3314.538	621.6802	1.622689	1.873628	3.389955
2556	-2695.468	-3317.215	621.7469	1.622689	1.562687	3.471415
2562	-2691.544	-3312.247	620.7032	1.460138	1.358956	4.252419
2568	-2677.604	-3297.739	620.1345	1.479518	1.496626	4.503195
2574	-2697.426	-3319.01	621.5837	1.51903	1.496626	3.654437
2580	-2685.282	-3305.826	620.5442	1.768885	1.496626	4.107705
2586	-2684.517	-3304.947	620.4301	1.691767	1.768772	4.109868
2592	-2674.019	-3294.856	620.8368	1.65948	1.823291	3.875978
2598	-2687.069	-3307.95	620.8813	1.778763	2.210934	3.650982
2604	-2690.421	-3311.894	621.4731	1.756435	1.793486	3.462359
2610	-2681.322	-3303.265	621.9431	1.789123	1.793486	3.166345
2616	-2668.279	-3289.212	620.9324	1.697169	1.887054	3.776483
2622	-2683.214	-3304.252	621.0372	1.754786	1.396004	3.877408
2628	-2687.126	-3307.797	620.6705	1.525424	1.661501	4.108138
2634	-2691.386	-3311.432	620.0459	1.60484	1.743487	4.386161
2640	-2682.702	-3303.578	620.8763	1.663246	1.472588	3.988656
2646	-2688.388	-3309.513	621.1255	1.672951	1.448164	3.850751
2652	-2669.973	-3290.399	620.4255	1.492275	1.916241	4.173438
2658	-2660.232	-3280.437	620.2046	1.357843	1.470849	4.542925
2664	-2668.637	-3288.353	619.7161	1.402368	1.501149	4.779062
2670	-2672.197	-3292.272	620.0751	1.444693	1.73581	4.462835
2676	-2673.532	-3293.739	620.207	1.505884	1.460131	4.462835
2682	-2682.289	-3303.931	621.642	1.59444	1.260483	3.684299
2688	-2680.627	-3302.012	621.3844	1.441315	1.770677	3.70554
2694	-2675.557	-3295.973	620.4157	1.543517	1.922793	4.147656
2700	-2689.684	-3310.675	620.9906	1.860521	1.496863	3.79961
2706	-2666.426	-3287.586	621.1598	1.612073	1.516851	3.83681
2712	-2672.82	-3293.669	620.8495	1.5933	1.545115	4.013667
2718	-2684.462	-3305.63	621.1685	1.561753	1.640936	3.810367
2724	-2679.107	-3299.966	620.8586	1.676676	1.945548	3.810367
2730	-2683.874	-3303.962	620.0885	1.557381	1.603119	4.442317
2736	-2684.515	-3303.878	619.3624	1.57531	2.05236	4.680665
2742	-2688.851	-3309.384	620.5327	1.494359	1.323483	4.345601
2748	-2684.556	-3303.118	618.5614	1.578229	1.881406	5.181319
2754	-2688.936	-3308.981	620.0456	1.558882	1.982601	4.328444
2760	-2678.743	-3299.147	620.404	1.637524	1.842134	4.129053
2766	-2684.236	-3305.605	621.3687	1.760895	1.712206	3.551486
2772	-2666.6	-3287.943	621.343	1.758792	1.732721	3.55982
2778	-2685.196	-3306.077	620.8801	1.869181	2.19535	3.604168
2784	-2688.559	-3309.347	620.7879	1.636856	1.545549	4.023763
2790	-2695.563	-3315.901	620.338	1.58536	1.403722	4.36832
2796	-2693.707	-3314.676	620.9691	1.623905	1.79209	3.831782
2802	-2686.458	-3307.74	621.2822	1.777107	1.681324	3.604338
2808	-2692.021	-3313.436	621.4151	1.777107	1.492368	3.604338
2814	-2693.803	-3313.552	619.7491	1.658035	1.492368	4.621147
2820	-2680.607	-3299.8	619.1929	1.426078	1.859556	4.92283
2826	-2673.264	-3293.047	619.7829	1.574371	1.745388	4.550705
2832	-2670.953	-3289.927	618.9739	1.574371	1.847164	4.966429
2838	-2672.787	-3292.883	620.0961	1.596431	1.560612	4.43295
2844	-2670.858	-3291.196	620.3377	1.445348	1.75756	4.306263
2850	-2693.28	-3311.677	618.3963	1.445348	1.633237	5.43484
2856	-2691.347	-3311.331	619.9843	1.569049	1.530947	4.523222
2862	-2694.629	-3313.585	618.9555	1.517481	1.744631	5.044642
2868	-2685.846	-3306.571	620.725	1.578261	1.744631	4.01541
2874	-2684.199	-3304.716	620.5167	1.52654	1.744631	4.163541
2880	-2675.804	-3295.825	620.021	1.610747	2.091486	4.277429
2886	-2657.394	-3278.815	621.4209	1.695719	1.616915	3.596555
2892	-2644.398	-3265.363	620.965	1.792509	2.042574	3.649058
2898	-2652.872	-3273.823	620.9505	1.733772	1.66977	3.825538
2904	-2665.238	-3284.567	619.3283	1.775909	1.83068	4.662007
2910	-2664.124	-3284.867	620.7427	1.599784	1.753082	3.989836
2916	-2664.303	-3283.91	619.6069	1.376227	1.478411	4.863882
2922	-2670.236	-3290.014	619.7784	1.479043	1.672942	4.633722
2928	-2675.923	-3296.437	620.5138	1.830337	1.672942	4.019225
2934	-2666.103	-3287.126	621.0233	1.61265	1.281703	4.019225
2940	-2660.125	-3280.692	620.5671	1.645493	1.530726	4.150745
2946	-2661.912	-3282.476	620.5637	1.496261	1.530726	4.237371
2952	-2671.645	-3292.33	620.6848	1.519089	1.341321	4.237371
2958	-2676.243	-3295.741	619.4982	1.600848	1.538457	4.774737
2964	-2668.819	-3290.042	621.2227	1.590212	1.069505	4.025565
2970	-2670.074	-3291.294	621.2197	1.717024	1.55193	3.727222
2976	-2682.886	-3303.387	620.5015	1.588588	1.276843	4.331568
2982	-2690.528	-3309.705	619.1767	1.505361	1.563309	4.997105
2988	-2676.63	-3296.455	619.8253	1.626955	1.751444	4.495121
2994	-2691.91	-3313.461	621.5507	1.474587	1.464538	3.713011
3000	-2707.781	-3329.469	621.6877	1.429074	1.448624	3.666978
3006	-2693.799	-3314.062	620.2625	1.472083	1.350673	4.498153
3012	-2695.608	-3316.84	621.2314	1.501051	1.16015	4.023833
3018	-2706.736	-3327.305	620.5692	1.444936	1.491446	4.279565
3024	-2698.131	-3319.318	621.1869	1.489115	1.138114	4.067336
3030	-2707.854	-3326.991	619.1376	1.593043	1.942962	4.832229
3036	-2700.891	-3321.731	620.8394	1.763001	2.134899	3.708532
3042	-2690.198	-3311.014	620.8165	1.707883	1.570922	3.956514
3048	-2682.968	-3302.345	619.377	1.602836	1.718679	4.771929
3054	-2691.894	-3311.278	619.3844	1.602836	1.718679	4.767787
3060	-2706.516	-3327.193	620.677	1.486777	1.707791	4.108778
3066	-2698.749	-3319.346	620.5972	1.460856	1.699654	4.171933
3072	-2691.772	-3313.255	621.4834	1.593595	1.460178	3.68499
3078	-2689.447	-3311.147	621.7004	1.698697	1.580406	3.446818
3084	-2690.597	-3310.916	620.3199	1.667753	1.8166	4.168845
3090	-2680.386	-3301.058	620.6721	1.58835	1.423386	4.168845
3096	-2676.157	-3296.636	620.4789	1.759152	1.863807	4.009303
3102	-2687.076	-3308.629	621.5537	1.743826	1.890376	3.387069
3108	-2674.285	-3295.166	620.8813	1.691397	1.561769	3.932523
3114	-2674.961	-3295.329	620.3679	1.701054	1.561769	4.219628
3120	-2681.646	-3303.005	621.3593	1.614836	1.900744	3.572202
3126	-2680.687	-3300.711	620.0243	1.761728	2.053762	4.202176
3132	-2676.027	-3297.647	621.6204	1.861342	1.779281	3.319785
3138	-2661.012	-3281.321	620.3088	1.584654	1.793938	4.230447
3144	-2663.818	-3284.452	620.6347	1.468403	1.456359	4.243961
3150	-2677.078	-3297.181	620.1031	1.600907	1.41061	4.488964
3156	-2687.613	-3307.282	619.6695	1.68413	1.897951	4.498616
3162	-2671.952	-3292.762	620.8105	1.628735	1.502802	4.03323
3168	-2673.763	-3294.659	620.8961	1.755857	1.233455	4.03323
3174	-2703.681	-3325.106	621.4242	1.621121	1.623568	3.635267
3180	-2690.984	-3312.749	621.7653	1.715667	0.9614224	3.703299
3186	-2693.013	-3315.347	622.334	1.732779	1.07264	3.297408
3192	-2699.199	-3321.581	622.3821	1.783482	1.119673	3.21309
3198	-2707.372	-3328.722	621.3505	1.783482	1.550305	3.613719
3204	-2697.216	-3319.735	622.5195	1.875079	1.339375	2.964152
3210	-2693.105	-3313.409	620.304	1.513702	1.339375	4.456467
3216	-2679.138	-3299	619.8614	1.574392	1.886018	4.456467
3222	-2699.078	-3319.319	620.2407	1.622237	1.815884	4.239836
3228	-2691.03	-3311.479	620.4484	1.62867	1.501273	4.239836
3234	-2702.093	-3322.89	620.7973	1.70907	1.619039	3.947535
3240	-2700.843	-3322.615	621.772	1.666075	1.893616	3.303263
3246	-2702.904	-3324.265	621.3612	1.71709	1.836223	3.534862
3252	-2682.166	-3303.631	621.4649	1.71709	1.676616	3.534862
3258	-2681.722	-3301.474	619.7517	1.490843	1.506246	4.707602
3264	-2686.543	-3306.118	619.5743	1.524059	1.683773	4.718667
3270	-2701.693	-3321.301	619.6074	1.654415	1.453617	4.718667
3276	-2677.864	-3297.009	619.1446	1.499735	1.698281	4.966439
3282	-2681.507	-3300.396	618.8891	1.557731	2.015388	4.966439
3288	-2681.387	-3300.663	619.276	1.487874	1.558997	4.953347
3294	-2682.329	-3301.056	618.7271	1.528545	1.744276	5.16521
3300	-2688.215	-3308.936	620.7214	1.394842	1.133912	4.386975
3306	-2683.1	-3302.218	619.1177	1.394842	1.582256	5.083755
3312	-2679.257	-3299.825	620.5684	1.575996	1.42537	4.233905
3318	-2678.201	-3298.989	620.7885	1.501364	1.707719	4.036889
3324	-2684.266	-3305.801	621.5349	1.815903	1.414357	3.546265
3330	-2666.695	-3286.411	619.7167	1.576676	1.796369	4.568139
3336	-2663.96	-3284.846	620.8866	1.670878	1.796369	3.850632
3342	-2662.751	-3283.856	621.1046	1.670878	1.479173	3.850632
3348	-2666.683	-3286.973	620.2896	1.551294	1.381341	4.424667
3354	-2662.343	-3283.582	621.2395	1.519511	1.669274	3.782695
3360	-2664.511	-3284.476	619.965	1.519511	1.470204	4.586926
3366	-2659.337	-3279.682	620.3451	1.529509	1.760737	4.253274
3372	-2661.076	-3281.297	620.2209	1.546979	1.503462	4.413742
3378	-2672.014	-3293.263	621.2497	1.621844	1.657505	3.722392
3384	-2678.317	-3299.428	621.111	1.613089	1.78542	3.758731
3390	-2678.356	-3299.979	621.623	1.649101	1.190399	3.698457
3396	-2661.15	-3281.97	620.8202	1.575161	1.505568	4.057105
3402	-2662.062	-3282.598	620.5362	1.637512	1.657149	4.122447
3408	-2656.232	-3276.807	620.5748	1.689931	1.690231	4.057928
3414	-2668.403	-3289.677	621.2747	1.696444	1.894186	3.576294
3420	-2669.096	-3290.675	621.5796	1.787365	1.80292	3.378405
3426	-2676.85	-3298.442	621.592	1.722672	1.373308	3.585819
3432	-2672.864	-3293.025	620.1606	1.68897	1.254452	4.477808
3438	-2685.747	-3305.942	620.1944	1.615863	1.790231	4.278934
3444	-2678.162	-3298.637	620.4748	1.651149	1.515055	4.206373
3450	-2677.399	-3298.053	620.6542	1.67112	1.426617	4.130578
3456	-2674.041	-3293.598	619.5573	1.499368	1.902275	4.66378
3462	-2695.291	-3315.027	619.7357	1.594183	1.314587	4.741365
3468	-2689.053	-3309.186	620.1333	1.532709	1.417008	4.507601
3474	-2697.738	-3316.895	619.1569	1.372063	1.467616	5.120726
3480	-2691.487	-3310.843	619.3569	1.557093	1.529195	4.881688
3486	-2674.751	-3296.33	621.5797	1.607143	1.550767	3.582818
3492	-2672.548	-3293.828	621.28	1.691463	1.818387	3.603506
3498	-2684.281	-3305.709	621.4278	1.791477	1.473667	3.596692
3504	-2687.503	-3310.119	622.6155	1.851311	1.563983	2.818072
3510	-2702.262	-3322.389	620.1272	1.48933	1.281894	4.595876
3516	-2702.45	-3322.882	620.432	1.482665	1.221348	4.457016
3522	-2689.164	-3309.786	620.6227	1.482665	1.431371	4.253391
3528	-2691.622	-3314.106	622.4842	1.769212	1.211401	3.112406
3534	-2682.022	-3302.674	620.6519	1.586227	1.766407	4.044506
3540	-2696.853	-3318.534	621.6807	1.489559	1.277923	3.714144
3546	-2700.371	-3322.644	622.273	1.621892	1.222717	3.318866
3552	-2693.87	-3315.79	621.9204	1.633578	1.452092	3.41087
3558	-2678.634	-3300.441	621.8076	1.721752	1.485159	3.41087
3564	-2676.374	-3297.958	621.5835	1.792338	1.692742	3.415309
3570	-2670.522	-3292.36	621.8378	1.824686	1.576298	3.293889
3576	-2675.747	-3297.627	621.8795	1.73365	1.589119	3.317649
3582	-2668.054	-3289.089	621.0352	1.731279	1.589119	3.810165
3588	-2685.308	-3305.85	620.5423	1.610809	1.709134	4.114316
3594	-2690.851	-3311.537	620.6855	1.70969	2.325061	3.769012
3600	-2681.021	-3300.956	619.9348	1.61048	2.380451	4.238383
3606	-2675.368	-3296.728	621.3601	1.742418	1.819933	3.526723
3612	-2675.784	-3296.619	620.8345	1.719335	1.427941	3.999743
3618	-2678.94	-3299.482	620.5426	1.859147	1.935426	3.89057
3624	-2694.486	-3314.931	620.4451	1.554059	1.469607	4.297237
3630	-2706.106	-3326.06	619.9546	1.523001	1.552697	4.557034
3636	-2699.444	-3319.795	620.3503	1.572704	1.548554	4.307673
3642	-2688.487	-3310.16	621.6739	1.837782	1.594028	3.375263
3648	-2698.884	-3321.106	622.2222	1.934547	1.420259	3.068708
3654	-2690.682	-3312.897	622.2151	1.934547	1.354275	3.103647
3660	-2687.876	-3310.015	622.1393	1.774345	1.348985	3.246255
3666	-2679.318	-3299.414	620.0962	1.622549	2.25629	4.176709
3672	-2670.484	-3291.427	620.9426	1.622549	1.761838	3.858958
3678	-2667.225	-3288.48	621.2546	1.627868	1.737037	3.685413
3684	-2681.27	-3303.285	622.0153	1.703764	1.787511	3.176462
3690	-2675.446	-3297.169	621.7234	1.718566	1.409234	3.49543
3696	-2664.024	-3285.599	621.5751	1.718566	1.612142	3.49543
3702	-2667.207	-3289.619	622.4117	1.931114	1.587422	2.883243
3708	-2672.102	-3294.253	622.1512	1.918774	1.652302	3.020472
3714	-2671.038	-3293.799	622.7606	1.795504	1.49081	2.796026
3720	-2667.095	-3288.304	621.2094	1.638999	1.49081	3.803748
3726	-2665.19	-3286.604	621.414	1.765417	2.009686	3.414448
3732	-2678.224	-3299.746	621.5224	1.737674	1.875372	3.414448
3738	-2686.285	-3306.066	619.7804	1.627567	2.04779	4.417928
3744	-2672.23	-3292.993	620.7633	1.553545	1.641038	4.047186
3750	-2657.345	-3278.951	621.6065	1.778018	1.690349	3.411136
3756	-2664.714	-3286.533	621.8185	1.73535	1.42452	3.423196
3762	-2674.788	-3294.776	619.9887	1.517229	1.489319	4.566968
3768	-2679.64	-3298.73	619.0904	1.524877	1.815824	4.940144
3774	-2652.566	-3272.084	619.5176	1.559444	1.815824	4.682442
3780	-2670.557	-3290.39	619.8327	1.603421	1.313475	4.682442
3786	-2652.595	-3273.65	621.0552	1.839058	1.696164	3.694193
3792	-2676.695	-3296.839	620.1442	1.587282	2.180802	4.192693
3798	-2678.63	-3298.848	620.2181	1.502041	2.064313	4.236114
3804	-2684.598	-3305.211	620.6124	1.608453	1.948388	3.989733
3810	-2682.956	-3304.046	621.0901	1.731694	1.451236	3.836036
3816	-2685.094	-3305.264	620.1707	1.661358	1.90177	4.227084
3822	-2689.827	-3309.322	619.4948	1.600379	1.94641	4.62725
3828	-2691.957	-3313.014	621.0571	1.856433	1.6033	3.719648
3834	-2697.709	-3317.964	620.2554	1.734105	1.804667	4.172063
3840	-2691.824	-3313.304	621.4802	1.680779	1.593885	3.580095
3846	-2679.279	-3300.49	621.2111	1.67193	1.635118	3.724553
3852	-2681.528	-3302.005	620.4768	1.674474	1.763629	4.095003
3858	-2692.004	-3312.898	620.8941	1.525902	1.763629	3.941563
3864	-2689.076	-3309.77	620.6942	1.69932	1.547408	4.040835
3870	-2679.794	-3301.269	621.4755	1.767401	1.484534	3.578294
3876	-2687.417	-3308.828	621.4101	1.818199	1.963039	3.401914
3882	-2673.972	-3294.951	620.9788	1.744088	1.963039	3.696122
3888	-2675.197	-3296.051	620.854	1.633058	1.957922	3.833829
3894	-2673.711	-3293.399	619.6884	1.601014	2.257647	4.419276
3900	-2683.103	-3302.137	619.0341	1.393719	2.348376	4.875364
3906	-2663.331	-3282.337	619.0062	1.669849	2.270765	4.759529
3912	-2671.183	-3292.202	621.0194	1.790183	2.184489	3.572604
3918	-2682.854	-3303.382	620.5282	1.667006	1.558498	4.149293
3924	-2671.097	-3292.041	620.9438	1.715243	1.969349	3.730797
3930	-2682.831	-3304.069	621.2381	1.958379	2.066739	3.385131
3936	-2671.116	-3291.475	620.3588	1.670899	1.45939	4.28426
3942	-2695.29	-3315.993	620.7026	1.670005	1.244673	4.186851
3948	-2707.622	-3328.685	621.0627	1.451097	1.486396	3.997534
3954	-2700.89	-3321.453	620.5627	1.660181	1.655647	4.095053
3960	-2692.582	-3315.053	622.4708	1.660181	1.800749	2.925012
3966	-2694.421	-3315.695	621.2745	1.703353	1.559035	3.700554
3972	-2680.711	-3301.56	620.8499	1.659346	1.704934	3.912505
3978	-2677.166	-3298.629	621.4629	1.560084	1.548498	3.678763
3984	-2693.958	-3314.194	620.2366	1.626241	1.464975	4.376242
3990	-2691.175	-3311.15	619.9751	1.575547	1.594029	4.499504
3996	-2687.046	-3306.553	619.5065	1.410281	1.263205	4.995208
4002	-2690.89	-3308.404	617.5145	1.538278	1.755717	5.822823
4008	-2684.997	-3304.634	619.6378	1.518816	1.838213	4.62997
4014	-2689.075	-3309.551	620.4757	1.478572	1.526894	4.298821
4020	-2690.495	-3309.669	619.1745	1.460648	1.903719	4.898686
4026	-2690.866	-3310.721	619.8552	1.499354	1.293911	4.737021
4032	-2687.237	-3305.993	618.7557	1.451538	1.350427	5.348544
4038	-2690.877	-3311.109	620.2318	1.496718	1.543467	4.419539
4044	-2688.425	-3307.225	618.7998	1.56666	1.806764	5.081496
4050	-2678.701	-3298.311	619.6095	1.49003	1.415855	4.825323
4056	-2695.172	-3314.899	619.7268	1.606622	1.950753	4.491998
4062	-2696.933	-3317.76	620.8268	1.666605	1.795066	3.887914
4068	-2704.585	-3325.127	620.5413	1.639583	1.795066	4.066666
4074	-2691.854	-3314.268	622.4131	1.880913	1.743902	2.848573
4080	-2689.662	-3310.398	620.736	1.6111	1.481772	4.094593
4086	-2674.815	-3295.069	620.2539	1.59128	1.481772	4.379128
4092	-2665.644	-3286.941	621.2968	1.581765	1.685268	3.707511
4098	-2663.501	-3284.054	620.5532	1.560906	1.999903	4.033226
4104	-2665.353	-3286.049	620.6959	1.576853	1.743511	4.033226
4110	-2677.86	-3297.921	620.061	1.576853	1.421281	4.521577
4116	-2672.632	-3292.89	620.2576	1.576853	1.508538	4.374042
4122	-2672.233	-3292.264	620.0304	1.585668	1.723204	4.413283
4128	-2683.462	-3303.626	620.1641	1.416843	1.7335	4.429241
4134	-2680.763	-3299.349	618.5853	1.440305	1.955105	5.219688
4140	-2677.178	-3297.975	620.797	1.431271	1.528669	4.14267
4146	-2696.922	-3316.742	619.8204	1.524299	1.976067	4.477185
4152	-2693.402	-3314.246	620.844	1.483472	1.331816	4.171609
4158	-2711.893	-3333.743	621.85	1.733414	1.628036	3.319184
4164	-2697.734	-3318.803	621.0686	1.749524	1.971872	3.637943
4170	-2702.796	-3323.819	621.0224	1.749524	1.880007	3.696798
4176	-2693.311	-3313.609	620.2975	1.749524	1.984785	4.076584
4182	-2678.572	-3298.847	620.2754	1.614237	1.984011	4.166395
4188	-2683.324	-3304.104	620.7803	1.708159	1.859264	3.867531
4194	-2693.454	-3313.926	620.4718	1.726213	1.891232	4.022527
4200	-2691.607	-3311.602	619.9949	1.759068	1.621037	4.374354
4206	-2693.243	-3313.703	620.4603	1.678684	1.869829	4.063744
4212	-2693.679	-3313.041	619.3619	1.699295	2.155744	4.578776
4218	-2677.632	-3298.35	620.7171	1.750501	1.609479	3.973475
4224	-2684.058	-3305.455	621.3966	1.833471	1.609479	3.53362
4230	-2686.827	-3307.134	620.3072	1.906321	1.962204	3.989162
4236	-2690.035	-3311.329	621.2939	1.906321	2.072729	3.380915
4242	-2694.633	-3316.067	621.4339	1.958331	1.903321	3.326754
4248	-2691.352	-3312.768	621.4162	1.962708	1.925398	3.326754
4254	-2689.901	-3311.451	621.5505	1.550473	2.030825	3.453165
4260	-2695.022	-3315.968	620.9464	1.710368	1.914383	3.751156
4266	-2693.024	-3314.745	621.7217	1.746761	1.955786	3.263201
4272	-2695.96	-3317.251	621.2908	1.826427	1.67512	3.573098
4278	-2698.441	-3320.795	622.3534	1.719019	1.407238	3.124998
4284	-2684.835	-3306.508	621.6727	1.692952	1.706625	3.41585
4290	-2690.819	-3312.895	622.0759	1.68806	1.350581	3.333717
4296	-2697.854	-3319.255	621.4006	1.713412	1.821384	3.519484
4302	-2707.403	-3329.53	622.1267	1.7397	1.303312	3.295856
4308	-2696.39	-3317.182	620.7925	1.682822	1.317875	4.093924
4314	-2693.914	-3315.701	621.7864	1.663689	1.667213	3.381853
4320	-2698.603	-3319.273	620.6701	1.718717	1.675686	3.992633
4326	-2710.881	-3331.651	620.7704	1.57167	1.80102	3.972439
4332	-2694.638	-3315.777	621.139	1.686522	1.430966	3.842713
4338	-2680.009	-3301.279	621.2699	1.751109	1.717501	3.612569
4344	-2677.319	-3297.924	620.605	1.68922	1.754488	4.016859
4350	-2684.384	-3306.452	622.0677	1.884328	1.426087	3.18791
4356	-2692.832	-3312.355	619.5225	1.609739	1.542614	4.754505
4362	-2685.45	-3306.564	621.114	1.683487	1.292382	3.92174
4368	-2676.344	-3296.747	620.4028	1.610938	1.363619	4.334972
4374	-2670.227	-3290.541	620.314	1.543313	1.74076	4.270402
4380	-2670.786	-3291.283	620.4977	1.619076	1.727334	4.128133
4386	-2663.845	-3285.295	621.4498	1.653227	1.608191	3.60796
4392	-2664.463	-3286.623	622.1599	1.628514	1.386408	3.302707
4398	-2651.449	-3271.971	620.5215	1.568272	1.548712	4.213139
4404	-2661.05	-3280.94	619.8898	1.485219	1.379592	4.687146
4410	-2661.369	-3281.674	620.3054	1.617828	1.399791	4.370126
4416	-2666.723	-3286.917	620.1944	1.556601	1.636195	4.370126
4422	-2664.258	-3284.379	620.1205	1.472432	1.51098	4.509147
4428	-2668.742	-3289.18	620.4376	1.472432	1.51098	4.330347
4434	-2674.271	-3294.286	620.0146	1.567167	1.261782	4.624775
4440	-2672.464	-3292.384	619.9198	1.618834	1.313958	4.624775
4446	-2661.59	-3281.768	620.1783	1.585935	1.314118	4.498038
4452	-2660.619	-3281.504	620.8857	1.68691	1.327156	4.034128
4458	-2660.839	-3281.164	620.3255	1.838776	1.762935	4.087891
4464	-2654.473	-3276.339	621.8663	1.813276	1.775471	3.204415
4470	-2659.495	-3281.41	621.9157	1.91502	1.771262	3.11625
4476	-2670.932	-3290.911	619.979	1.585542	1.446113	4.552144
4482	-2699.25	-3320.906	621.6559	1.732173	1.593687	3.447828
4488	-2698.398	-3318.744	620.3461	1.555236	2.176192	4.097512
4494	-2683.476	-3303.668	620.1925	1.500074	1.704095	4.377211
4500	-2706.759	-3326.997	620.2377	1.555155	1.343546	4.468564
4506	-2703.857	-3324.315	620.4578	1.641495	1.367466	4.284885
4512	-2684.152	-3305.609	621.4573	1.5961	2.068527	3.468267
4518	-2687.118	-3309.124	622.0061	1.705558	1.60474	3.253109
4524	-2681.808	-3303.93	622.1227	1.739978	1.60474	3.163637
4530	-2681.347	-3304.569	623.2222	1.753334	1.349447	2.60508
4536	-2680.385	-3302.919	622.534	1.671474	1.352232	3.071362
4542	-2695.589	-3316.698	621.1085	1.585442	1.8498	3.752645
4548	-2683.242	-3303.125	619.8826	1.532285	1.537543	4.598324
4554	-2674.121	-3293.996	619.8756	1.630163	1.720472	4.476441
4560	-2664.297	-3283.69	619.3928	1.524072	1.738716	4.799714
4566	-2664.8	-3283.529	618.7283	1.446852	1.839788	5.175972
4572	-2677.393	-3298.449	621.0556	1.623913	1.377257	3.950254
4578	-2683.094	-3304.404	621.3107	1.776707	1.646698	3.601662
4584	-2685.754	-3307.236	621.4821	1.870598	1.683609	3.432412
4590	-2667.166	-3288.402	621.2359	1.870598	1.938372	3.481824
4596	-2680.607	-3301.738	621.1313	1.798921	2.195891	3.498721
4602	-2685.726	-3307.172	621.4463	1.764625	1.726246	3.498721
4608	-2676.553	-3297.259	620.7065	1.745403	1.324549	4.104182
4614	-2679.114	-3299.83	620.7158	1.726927	1.914139	3.874444
4620	-2680.771	-3300.667	619.8956	1.596514	2.109199	4.350758
4626	-2682.294	-3302.313	620.0183	1.722666	1.926134	4.270326
4632	-2687.55	-3306.705	619.155	1.694029	1.69274	4.854541
4638	-2673.108	-3292.388	619.2807	1.528218	1.516804	4.945208
4644	-2676.437	-3294.947	618.5096	1.34826	1.921303	5.323565
4650	-2693.128	-3314.636	621.5078	1.632527	1.66703	3.562885
4656	-2698.673	-3320.494	621.8216	1.632005	1.613129	3.401486
4662	-2696.706	-3317.549	620.8432	1.735922	1.849521	3.818885
4668	-2685.028	-3303.626	618.5974	1.47786	2.022508	5.170212
4674	-2681.007	-3299.297	618.2903	1.274344	1.771605	5.536587
4680	-2688.052	-3308.714	620.6617	1.324252	1.409623	4.330403
4686	-2694.679	-3313.291	618.6123	1.571888	1.555416	5.276002
4692	-2706.464	-3326.154	619.6907	1.467666	1.46302	4.772544
4698	-2701.932	-3321.062	619.1296	1.488622	1.72258	4.971981
4704	-2687.682	-3307.254	619.5718	1.498188	1.347829	4.871449
4710	-2680.477	-3299.02	618.543	1.371879	1.749615	5.351563
4716	-2690.234	-3309.589	619.3548	1.30558	1.678595	4.964828
4722	-2688.704	-3310.135	621.4305	1.536035	1.743031	3.634437
4728	-2688.519	-3309.061	620.5423	1.608818	2.020493	4.005216
4734	-2693.456	-3312.687	619.2308	1.583494	1.679966	4.878639
4740	-2694.879	-3315.092	620.2132	1.423877	2.004283	4.302811
4746	-2705.421	-3325.149	619.728	1.368312	2.004283	4.607392
4752	-2693.897	-3314.675	620.7783	1.504568	1.757089	4.022404
4758	-2682.617	-3304.865	622.2472	1.738835	2.030854	2.928147
4764	-2681.313	-3302.882	621.5691	1.675528	1.604775	3.527043
4770	-2696.749	-3317.276	620.5268	1.620177	1.765471	4.096779
4776	-2682.282	-3301.637	619.3548	1.619878	1.765471	4.75774
4782	-2699.149	-3316.61	617.4608	1.439534	1.860913	5.869664
4788	-2685.324	-3306.618	621.2936	1.621863	1.975623	3.580121
4794	-2674.827	-3296.098	621.271	1.629099	1.723489	3.680329
4800	-2676.971	-3298.435	621.4643	1.880924	1.576106	3.480059
4806	-2676.207	-3297.091	620.8841	1.726127	1.688317	3.860896
4812	-2660.166	-3281.402	621.2359	1.726127	1.222828	3.860896
4818	-2676.192	-3297.619	621.4273	1.759727	1.643374	3.545025
4824	-2691.085	-3310.906	619.8209	1.685212	1.640647	4.506428
4830	-2688.19	-3307.656	619.466	1.706544	2.187412	4.506428
4836	-2688.089	-3308.171	620.0823	1.6827	2.071315	4.208385
4842	-2672.757	-3294.322	621.5651	1.705757	1.614615	3.507741
4848	-2677.851	-3299.241	621.3899	1.830949	1.700002	3.503056
4854	-2679.101	-3299.137	620.0365	1.950235	1.773217	4.185098
4860	-2664.931	-3285.58	620.6488	1.823101	1.901415	3.862151
4866	-2670.044	-3290.245	620.201	1.665819	1.436381	4.386115
4872	-2666.9	-3288.693	621.7926	1.667613	1.338108	3.517434
4878	-2673.945	-3294.453	620.5084	1.584552	1.531673	4.218275
4884	-2671.173	-3291.631	620.4579	1.767908	1.559426	4.131494
4890	-2688.138	-3308.49	620.3522	1.785407	2.262752	3.93591
4896	-2672.742	-3293.89	621.1488	1.803508	1.43285	3.768898
4902	-2678.765	-3298.708	619.9428	1.68703	1.810329	4.37371
4908	-2675.819	-3296.118	620.2994	1.534465	1.824713	4.253153
4914	-2675.778	-3296.079	620.3012	1.523881	1.838698	4.253153
4920	-2684.824	-3304.532	619.7081	1.468283	1.290829	4.837943
4926	-2679.42	-3299.243	619.8232	1.404856	1.229518	4.837815
4932	-2684.323	-3305.129	620.8055	1.571336	1.706753	3.987597
4938	-2671.088	-3292.841	621.7535	1.983892	1.706753	3.196817
4944	-2674.746	-3295.411	620.6648	1.626347	1.448142	4.140761
4950	-2675.085	-3294.835	619.7497	1.681325	1.508172	4.601221
4956	-2669.607	-3289.604	619.9963	1.512466	1.404749	4.601221
4962	-2674.251	-3293.972	619.7203	1.523036	1.782431	4.601221
4968	-2678.57	-3299.273	620.7036	1.440132	1.437063	4.229202
4974	-2684.224	-3304.44	620.2168	1.523007	1.771046	4.325788
4980	-2696.491	-3318.27	621.7791	1.501797	1.311358	3.634211
4986	-2672.796	-3293.788	620.9911	1.535295	1.862176	3.844709
4992	-2658.527	-3279.529	621.0021	1.535295	1.573508	3.948016
4998	-2658.055	-3278.992	620.9372	1.71518	1.417379	3.948016
5004	-2677.179	-3298.328	621.149	1.658753	1.225548	3.948016
5010	-2685.473	-3306.422	620.9483	1.702466	1.622014	3.863538
5016	-2688.702	-3310.732	622.0299	1.702466	1.55332	3.262318
5022	-2707.803	-3328.81	621.007	1.587096	1.3632	4.005431
5028	-2705.175	-3325.41	620.2351	1.708038	1.642293	4.259141
5034	-2685.967	-3305.263	619.2967	1.447825	1.258719	5.092887
5040	-2676.461	-3296.62	620.1595	1.480748	1.616472	4.440294
5046	-2682.681	-3301.839	619.158	1.523874	1.616472	4.97647
5052	-2672.988	-3292.462	619.4733	1.394347	1.850187	4.787444
5058	-2677.831	-3298.692	620.8612	1.582298	1.72617	3.942121
5064	-2668.797	-3289.778	620.9803	1.579421	1.636737	3.909977
5070	-2663.775	-3284.647	620.8715	1.743913	1.388868	3.981726
5076	-2672.514	-3292.756	620.2424	1.79658	1.826978	4.135916
5082	-2679.413	-3300.497	621.0841	1.615535	1.826978	3.757603
5088	-2686.048	-3307.273	621.2246	1.620743	1.732434	3.708618
5094	-2689.247	-3310.988	621.7412	1.883553	1.897954	3.191392
5100	-2684.895	-3306.727	621.8326	1.929815	1.682908	3.191392
5106	-2694.514	-3316.524	622.0096	1.864873	1.421501	3.235938
5112	-2676.885	-3298.938	622.0536	1.803324	1.458654	3.229616
5118	-2678.853	-3299.957	621.1036	1.800699	1.458654	3.785362
5124	-2678.802	-3299.538	620.7365	1.590622	1.582596	4.064455
5130	-2674.427	-3295.104	620.6773	1.653196	1.577848	4.064455
5136	-2680.328	-3301.139	620.811	1.54741	1.538608	4.064455
5142	-2668.357	-3289.336	620.9789	1.659887	1.542939	3.902365
5148	-2676.912	-3297.562	620.6493	1.633521	1.417316	4.158775
5154	-2670.849	-3292.523	621.6735	1.678291	1.693545	3.429057
5160	-2670.421	-3291.466	621.0452	1.410724	1.488672	4.029598
5166	-2678.6	-3299.851	621.2505	1.695931	1.507635	3.74011
5172	-2688.955	-3310.166	621.2116	1.697886	1.288015	3.859572
5178	-2681.832	-3301.01	619.1778	1.609877	1.783141	4.855724
5184	-2675.387	-3295.375	619.9877	1.655697	1.783141	4.37582
5190	-2669.308	-3290.132	620.8242	1.702899	1.647928	3.924271
5196	-2660.131	-3281.364	621.2322	1.702899	1.796416	3.632658
5202	-2671.298	-3292.644	621.3459	1.615741	1.730582	3.642017
5208	-2676.287	-3297.704	621.4168	1.687982	1.523133	3.642017
5214	-2674.003	-3294.157	620.1547	1.565712	1.616334	4.395155
5220	-2677.658	-3297.744	620.0858	1.509103	1.689376	4.437836
5226	-2670.714	-3290.845	620.131	1.470396	1.712882	4.425354
5232	-2683.903	-3303.989	620.0855	1.470396	1.189898	4.673776
5238	-2681.642	-3302.449	620.8068	1.627806	1.590076	4.00013
5244	-2686.581	-3307.376	620.7948	1.619589	1.619055	4.00013
5250	-2691.355	-3311.855	620.5001	1.565947	1.916882	4.088904
5256	-2689.823	-3309.856	620.033	1.522314	1.471143	4.546814
5262	-2685.404	-3305.382	619.9776	1.551695	1.593553	4.511713
5268	-2693.334	-3313.638	620.3035	1.571907	1.473719	4.36546
5274	-2699.827	-3320.059	620.2319	1.517131	1.959394	4.254461
5280	-2685.668	-3305.967	620.2983	1.575289	1.645009	4.297447
5286	-2684.968	-3306.077	621.1089	1.635581	1.804027	3.740116
5292	-2677.83	-3297.249	619.4185	1.557041	1.913474	4.70539
5298	-2690.993	-3311.168	620.1754	1.491954	1.637038	4.417012
5304	-2688.723	-3308.212	619.4891	1.381923	2.113469	4.698544
5310	-2678.653	-3299.501	620.848	1.475673	1.774965	3.992484
5316	-2686.964	-3308.06	621.0962	1.728341	1.495257	3.815623
5322	-2685.809	-3306.869	621.0593	1.666457	1.495257	3.872395
5328	-2698.63	-3318.464	619.8331	1.568194	1.631482	4.568824
5334	-2683.848	-3302.863	619.0148	1.445641	1.634362	5.092547
5340	-2694.18	-3314.364	620.1845	1.306427	1.445227	4.593892
5346	-2681.654	-3301.74	620.0857	1.418653	1.70691	4.482288
5352	-2679.329	-3299.731	620.4022	1.577338	1.571322	4.26648
5358	-2691.844	-3311.395	619.5505	1.404218	1.884517	4.726924
5364	-2710.709	-3330.81	620.1013	1.641717	1.7482	4.332359
5370	-2704.804	-3327.362	622.5584	1.561254	1.7482	2.952253
5376	-2692.342	-3313.681	621.3399	1.699295	1.481673	3.697598
5382	-2686.148	-3307.285	621.1374	1.63836	1.423713	3.874477
5388	-2692.643	-3313.275	620.6319	1.765384	1.990007	3.874477
5394	-2684.441	-3305.153	620.7123	1.656075	1.912258	3.917764
5400	-2691.632	-3313.078	621.4466	1.65244	1.363477	3.715281
5406	-2684.327	-3304.523	620.1961	1.822197	1.800132	4.157321
5412	-2691.464	-3313.005	621.5418	1.830575	1.490728	3.500207
5418	-2687.232	-3308.739	621.5072	1.839891	1.804875	3.389326
5424	-2691.294	-3313.145	621.8504	1.701578	1.261967	3.500306
5430	-2675.047	-3296.176	621.1285	1.668556	1.261967	3.936505
5436	-2671.345	-3292.704	621.3592	1.725911	1.261967	3.771
5442	-2679.18	-3300.144	620.9639	1.671553	1.442935	3.946512
5448	-2691.455	-3311.006	619.5505	1.488955	1.58461	4.789656
5454	-2695.509	-3315.795	620.286	1.595458	1.613779	4.305184
5460	-2685.202	-3305.609	620.4068	1.460386	1.529881	4.346826
5466	-2674.31	-3293.618	619.3072	1.481963	1.567272	4.935995
5472	-2676.982	-3297.676	620.6936	1.633748	1.30092	4.185918
5478	-2683.938	-3303.811	619.8736	1.488893	1.371971	4.697466
5484	-2666.184	-3286.084	619.9	1.468237	1.36468	4.697466
5490	-2674.776	-3294.909	620.1334	1.513137	1.36468	4.541453
5496	-2671.439	-3292.347	620.9081	1.6982	1.63155	3.885304
5502	-2653.476	-3274.832	621.3562	1.661185	1.694783	3.623453
5508	-2661.607	-3283.698	622.0905	1.648667	1.283858	3.380115
5514	-2664.266	-3286.348	622.0822	1.597287	1.725438	3.223753
5520	-2664.299	-3286.285	621.9865	1.82996	1.68722	3.157617
5526	-2670.549	-3292.122	621.5736	1.693555	1.62207	3.506916
5532	-2670.859	-3292.443	621.5839	1.683221	1.62207	3.506916
5538	-2669.607	-3291.949	622.3426	1.872444	1.652976	2.933014
5544	-2659.924	-3281.853	621.9298	1.940294	1.590893	3.165015
5550	-2651.34	-3273.479	622.1394	1.911342	1.598439	3.054214
5556	-2657.211	-3278.935	621.7236	1.801462	1.482936	3.41431
5562	-2659.352	-3280.79	621.4374	1.689665	1.422838	3.672385
5568	-2656.68	-3277.032	620.3516	1.722018	1.851723	4.107372
5574	-2670.649	-3291.238	620.5892	1.769006	1.690803	4.004338
5580	-2669.151	-3290.777	621.6253	1.81477	1.587784	3.419809
5586	-2688.366	-3310.257	621.891	1.864186	1.645225	3.210811
5592	-2689.148	-3310.84	621.6917	1.945274	1.433444	3.370466
5598	-2692.337	-3314.627	622.2898	1.965095	1.920629	2.804855
5604	-2684.437	-3306.728	622.2907	1.901379	2.026605	2.804855
5610	-2671.835	-3293.752	621.9178	1.910162	1.733551	3.13252
5616	-2680.251	-3302.616	622.3644	1.790645	1.584061	2.997804
5622	-2668.608	-3290.564	621.956	1.790645	1.816222	3.149179
5628	-2667.278	-3289.704	622.4257	1.924567	1.474945	2.927846
5634	-2690.773	-3312.687	621.9146	1.828554	1.719732	3.188285
5640	-2693.734	-3315.839	622.1053	1.721724	1.719732	3.138499
5646	-2696.238	-3318.177	621.9387	1.906612	2.024829	3.014844
5652	-2689.263	-3311.501	622.2383	1.954586	1.728938	2.915733
5658	-2673.079	-3295.437	622.3579	1.785088	1.611702	2.993417
5664	-2680.731	-3302.849	622.118	1.8146	1.911362	3.00295
5670	-2683.133	-3305.003	621.8695	1.743628	1.646169	3.294387
5676	-2689.263	-3310.411	621.148	1.758863	1.406074	3.80688
5682	-2685.111	-3306.79	621.6797	1.770132	1.634435	3.39508
5688	-2695.78	-3316.419	620.6393	1.605613	1.445997	4.167928
5694	-2691.8	-3312.529	620.7294	1.685597	1.260509	4.15516
5700	-2679.627	-3300.903	621.2763	1.747682	1.540737	3.681451
5706	-2683.921	-3305.837	621.9159	1.827566	1.74252	3.179245
5712	-2688.738	-3310.45	621.7122	1.918241	1.92218	3.179245
5718	-2677.164	-3299.614	622.4501	1.808868	1.453387	2.992436
5724	-2681.663	-3303.382	621.7194	1.778335	1.49758	3.423994
5730	-2697.833	-3319.255	621.4219	1.829177	1.727052	3.47496
5736	-2680.737	-3301.668	620.9305	1.688262	1.727052	3.841212
5742	-2663.393	-3283.293	619.8992	1.550663	1.81619	4.473054
5748	-2666.655	-3287.886	621.2305	1.556688	1.811475	3.712744
5754	-2674.838	-3295.941	621.1025	1.720502	1.877638	3.668134
5760	-2690.391	-3312.884	622.4929	1.809624	1.279626	3.048573
5766	-2686.674	-3308.387	621.7122	1.855708	1.654015	3.317863
5772	-2674.098	-3296.047	621.9491	1.879975	1.654015	3.163451
5778	-2677.58	-3299.554	621.9743	1.879975	1.617369	3.163451
5784	-2673.567	-3295.666	622.0984	1.879975	1.617369	3.089549
5790	-2667.332	-3289.988	622.6555	1.921524	1.568273	2.749051
5796	-2662.199	-3284.411	622.212	1.921524	1.372301	3.104785
5802	-2666.514	-3288.075	621.5613	1.747174	1.722445	3.443192
5808	-2671.238	-3292.965	621.7267	1.895897	1.884574	3.197525
5814	-2673.613	-3295.154	621.5409	1.848966	1.809299	3.362578
5820	-2666.628	-3288.495	621.8672	1.813289	1.370376	3.373567
5826	-2671.608	-3292.982	621.3745	1.891015	1.788089	3.443344
5832	-2664.499	-3286.079	621.5803	1.816319	1.592346	3.443344
5838	-2671.742	-3292.633	620.891	1.783879	1.586638	3.86386
5844	-2669.301	-3290.268	620.9673	1.76229	1.755904	3.766545
5850	-2670.26	-3291.39	621.1302	1.758369	1.446003	3.799893
5856	-2669.426	-3290.752	621.3258	1.782735	1.612388	3.603097
5862	-2663.829	-3285.041	621.2127	1.666321	1.568716	3.753638
5868	-2663.011	-3284.014	621.0037	1.694522	1.457039	3.904458
5874	-2664.629	-3286.296	621.6669	1.876586	1.906222	3.236534
5880	-2653.715	-3275.775	622.0595	1.813834	1.467979	3.215801
5886	-2658.474	-3279.379	620.9049	1.634678	1.285616	4.072363
5892	-2670.609	-3291.199	620.5905	1.670576	1.450163	4.156948
5898	-2682.602	-3302.595	619.9939	1.621522	1.55978	4.476684
5904	-2672.96	-3292.079	619.1191	1.38455	1.63445	5.068573
5910	-2677.646	-3297.928	620.2827	1.675067	2.113697	4.085173
5916	-2658.78	-3279.512	620.7322	1.731666	1.750065	3.921478
5922	-2654.923	-3275.013	620.0907	1.575335	1.878003	4.329371
5928	-2663.742	-3284.546	620.8036	1.709576	1.806841	3.872259
5934	-2676.769	-3298.33	621.5617	1.856299	1.846564	3.332261
5940	-2671.379	-3293.586	622.2075	1.895903	1.574898	3.032629
5946	-2678.236	-3299.652	621.4166	1.87326	1.466451	3.55879
5952	-2683.205	-3304.213	621.0083	1.801756	1.575453	3.790638
5958	-2686.032	-3307.014	620.9824	1.762415	1.439696	3.885271
5964	-2681.963	-3303.167	621.2045	1.659647	1.43479	3.818839
5970	-2675.115	-3296.726	621.6113	1.794844	1.337644	3.549116
5976	-2660.277	-3281.012	620.7358	1.525954	1.375091	4.189367
5982	-2665.764	-3286.274	620.51	1.827314	1.57994	4.059701
5988	-2673.768	-3295.058	621.2898	2.020321	1.57994	3.499017
5994	-2674.085	-3295.64	621.5553	1.86439	1.699862	3.386813
6000	-2673.77	-3294.991	621.2215	1.984023	1.699862	3.512051
6006	-2676.83	-3298.168	621.3375	1.982504	1.701394	3.444634
6012	-2679.076	-3300.383	621.3068	1.858521	1.31617	3.698829
6018	-2688.932	-3310.375	621.443	1.836282	1.311431	3.635089
6024	-2684.315	-3304.818	620.5036	1.755528	1.665525	4.070567
6030	-2681.132	-3301.797	620.6654	1.750974	1.457984	4.065238
6036	-2687.225	-3308.561	621.3366	1.810502	1.502731	3.626131
6042	-2671.329	-3292.787	621.4582	1.803075	1.698241	3.480175
6048	-2671.46	-3291.987	620.5273	1.627533	1.793966	4.081857
6054	-2665.978	-3288.084	622.106	1.942687	1.454504	3.117668
6060	-2677.662	-3299.262	621.5997	1.844176	1.716149	3.366294
6066	-2675.298	-3296.831	621.5335	1.786368	1.391585	3.574517
6072	-2667.243	-3288.607	621.3641	1.650933	1.828364	3.574517
6078	-2674.431	-3295.368	620.9372	1.606657	1.613901	3.928079
6084	-2676.05	-3295.728	619.6786	1.494903	1.761929	4.647754
6090	-2671.98	-3291.458	619.4779	1.566731	1.467957	4.833957
6096	-2669.211	-3290.977	621.7666	1.776083	1.558152	3.37195
6102	-2671.197	-3292.161	620.9635	1.570976	1.678996	3.907952
6108	-2675.89	-3295.47	619.5796	1.559392	1.714586	4.684473
6114	-2685.179	-3304.508	619.3292	1.603392	1.78564	4.77396
6120	-2679.368	-3298.906	619.5379	1.537503	1.736871	4.711848
6126	-2681.484	-3301.836	620.352	1.535185	1.730136	4.257461
6132	-2676.523	-3297.76	621.2372	1.551819	1.464349	3.849226
6138	-2677.301	-3297.648	620.3467	1.654649	1.629099	4.23124
6144	-2669.549	-3290.851	621.302	1.631819	1.776395	3.640865
6150	-2686.208	-3305	618.7922	1.440895	1.573115	5.242023
6156	-2689.917	-3309.902	619.9853	1.644312	1.830932	4.366488
6162	-2688.739	-3308.997	620.2577	1.502329	1.357555	4.480794
6168	-2691.468	-3310.503	619.0349	1.502329	1.450785	5.123156
6174	-2681.211	-3300.621	619.4093	1.592212	1.535235	4.830472
6180	-2691.339	-3311.877	620.5383	1.784027	1.710748	4.017244
6186	-2689.604	-3310.515	620.9111	1.522223	1.498276	4.038477
6192	-2691.918	-3311.483	619.5656	1.520392	1.61031	4.75362
6198	-2694.35	-3313.426	619.0756	1.46684	2.185774	4.859671
6204	-2710.032	-3331.141	621.1085	1.617219	2.005612	3.679946
6210	-2705.601	-3326.682	621.0809	1.755432	1.402164	3.849225
6216	-2710.505	-3331.559	621.0544	1.7159	1.729207	3.753165
6222	-2707.948	-3330.34	622.3916	1.784804	1.631816	2.964964
6228	-2694.593	-3315.803	621.2101	1.802752	1.509955	3.700777
6234	-2696.075	-3317.171	621.0959	1.826904	1.328406	3.832959
6240	-2693.964	-3314.865	620.9008	1.873811	1.824114	3.715393
6246	-2697.731	-3319.542	621.8117	1.603639	1.454452	3.490927
6252	-2690.982	-3311.026	620.0435	1.542451	1.74932	4.420571
6258	-2683.655	-3302.767	619.1118	1.465509	1.534662	5.066675
6264	-2693.873	-3313.327	619.4542	1.462586	1.634732	4.838661
6270	-2687.117	-3307.143	620.0263	1.630951	1.585486	4.442892
6276	-2688.698	-3309.746	621.0478	1.654369	1.780899	3.773077
6282	-2696.417	-3317.889	621.4719	1.7834	1.406639	3.605277
6288	-2687.122	-3308.489	621.3668	1.731784	1.452015	3.676053
6294	-2703.011	-3323.487	620.4754	1.639998	1.452015	4.23887
6300	-2703.28	-3323.684	620.4032	1.553263	1.620773	4.259963
6306	-2701.016	-3320.835	619.8185	1.53481	1.493505	4.650849
6312	-2698.587	-3317.628	619.0407	1.534799	2.111885	4.86403
6318	-2699.19	-3318.266	619.0765	1.531438	2.054835	4.86403
6324	-2698.552	-3319.529	620.9772	1.565414	1.759536	3.872761
6330	-2687.143	-3305.456	618.3127	1.354014	1.759536	5.484709
6336	-2673.788	-3293.294	619.5061	1.386512	1.547481	4.886278
6342	-2664.998	-3286.189	621.1916	1.564041	1.547481	3.833413
6348	-2671.773	-3292.393	620.6204	1.43693	1.5214	4.242685
6354	-2668.669	-3288.399	619.73	1.528772	1.628395	4.649993
6360	-2684.376	-3305.149	620.7736	1.677271	1.417862	4.062889
6366	-2665.779	-3286.396	620.6172	1.720555	1.571371	4.062889
6372	-2670.832	-3291.861	621.029	1.856187	1.555649	3.755434
6378	-2675.208	-3296.696	621.4881	1.660181	1.743355	3.528687
6384	-2672.881	-3293.599	620.7187	1.581694	1.679375	4.0417
6390	-2663.048	-3283.31	620.2614	1.658389	1.346379	4.395781
6396	-2669.078	-3289.927	620.8492	1.778466	1.733418	3.833705
6402	-2668.984	-3290.484	621.4998	1.628925	1.543024	3.619816
6408	-2665.325	-3287.44	622.1153	1.808422	1.349435	3.240047
6414	-2677.169	-3298.746	621.577	1.780382	1.703759	3.421798
6420	-2683.7	-3306.272	622.5713	1.837039	1.579007	2.847105
