Iteration	Posterior	Likelihood	Prior	rate_log_sd	rate_loss	tree_length
0	-2666.987	-3288.1	621.1132	1.779578	1.481383	3.782211
6	-2682.954	-3304.73	621.7764	1.615183	1.297465	3.576557
12	-2680.129	-3300.565	620.4364	1.663785	1.365663	4.285196
18	-2678.818	-3300.416	621.5981	1.657751	1.557606	3.539877
24	-2680.989	-3302.174	621.1854	1.752234	1.484099	3.755205
30	-2686.62	-3307.648	621.0277	1.596218	1.95729	3.755205
36	-2680.229	-3301.263	621.0343	1.436768	1.766064	3.911401
42	-2677.239	-3298.056	620.8162	1.505281	1.786384	3.989538
48	-2672.626	-3293.622	620.9955	1.697165	1.80857	3.768361
54	-2684.733	-3305.723	620.99	1.760396	1.93014	3.69157
60	-2699.75	-3322.196	622.4461	1.590915	1.505779	3.101945
66	-2677.898	-3299.351	621.4529	1.734749	1.728188	3.511545
72	-2686.073	-3305.803	619.7294	1.517519	1.444143	4.731015
78	-2676.463	-3295.959	619.4965	1.639746	1.59633	4.731015
84	-2684.343	-3305.43	621.0872	1.503587	1.020962	4.178794
90	-2706.053	-3326.344	620.2909	1.437418	2.137326	4.208097
96	-2685.331	-3305.146	619.8152	1.60177	1.665174	4.547143
102	-2689.733	-3310.616	620.8834	1.642734	1.665174	3.918085
108	-2685.03	-3306.145	621.115	1.67312	1.665174	3.767492
114	-2678.665	-3298.551	619.8868	1.447971	1.681155	4.587223
120	-2668.586	-3288.997	620.411	1.669365	1.944942	4.071075
126	-2666.034	-3286.804	620.7698	1.649681	1.42154	4.07917
132	-2668.052	-3288.62	620.5678	1.649681	1.490475	4.164659
138	-2678.578	-3298.571	619.9935	1.517741	1.471962	4.571234
144	-2675.893	-3295.049	619.1558	1.559457	1.863177	4.867924
150	-2663.309	-3282.796	619.4863	1.539023	2.015086	4.643687
156	-2647.975	-3268.187	620.2123	1.550966	1.863662	4.27937
162	-2655.911	-3275.875	619.9635	1.447151	1.811771	4.496703
168	-2682.511	-3302.3	619.7886	1.62121	2.048373	4.416701
174	-2686.977	-3307.223	620.2465	1.566532	1.831033	4.262724
180	-2684.399	-3304.427	620.0277	1.590519	1.363792	4.557716
186	-2689.807	-3309.82	620.0135	1.743006	2.050199	4.220061
192	-2685.523	-3305.001	619.478	1.740155	2.026355	4.531781
198	-2691.107	-3312.035	620.9285	1.686711	1.65691	3.870229
204	-2687.386	-3307.009	619.6228	1.475861	1.65691	4.728672
210	-2686.507	-3306.511	620.0044	1.591302	1.510251	4.507859
216	-2691.689	-3310.283	618.5941	1.575834	1.81218	5.188483
222	-2692.682	-3312.059	619.3766	1.575834	1.601675	4.831533
228	-2700.162	-3320.265	620.1031	1.704061	1.821557	4.269418
234	-2682.791	-3303.73	620.9388	1.736281	1.753713	3.798809
240	-2671.569	-3292.852	621.283	1.838397	1.607658	3.597532
246	-2677.07	-3297.844	620.7732	1.568902	1.241548	4.205654
252	-2684.432	-3306.329	621.8973	1.472896	1.78488	3.383263
258	-2696.592	-3317.912	621.3199	1.645088	1.76261	3.627931
264	-2700.458	-3321.87	621.4112	1.671956	1.594533	3.625018
270	-2701.091	-3319.404	618.3129	1.570699	2.128628	5.242815
276	-2695.27	-3314.29	619.0198	1.458012	2.431045	4.823988
282	-2693.326	-3315.326	621.9999	1.619961	1.815918	3.224528
288	-2689.94	-3311.761	621.8212	1.74991	1.6615	3.312961
294	-2707.08	-3327.916	620.8362	1.582194	1.847027	3.912122
300	-2688.034	-3309.48	621.4461	1.620593	1.656091	3.609944
306	-2676.318	-3297.329	621.0103	1.417136	1.582652	4.00719
312	-2692.239	-3311.62	619.3808	1.501981	1.910186	4.758392
318	-2689.804	-3311.427	621.6222	1.747061	1.978817	3.313583
324	-2686.888	-3308.57	621.6829	1.722881	1.278853	3.577249
330	-2677.604	-3299.049	621.4455	1.629332	1.666954	3.600953
336	-2665.286	-3286.061	620.7748	1.625613	2.05153	3.852144
342	-2686.09	-3306.609	620.5193	1.429961	2.200731	4.062598
348	-2672.403	-3293.602	621.1991	1.460547	1.639466	3.851549
354	-2683.098	-3304.061	620.963	1.795714	1.690269	3.774709
360	-2678.111	-3297.118	619.0061	1.691111	1.861028	4.878728
366	-2676.936	-3296.646	619.7097	1.624601	1.811269	4.53982
372	-2681.064	-3301.539	620.4756	1.723634	1.752869	4.071705
378	-2696.954	-3318.039	621.0854	1.661237	1.476769	3.868246
384	-2691.736	-3312.847	621.1116	1.653214	1.476769	3.857827
390	-2683.929	-3304.297	620.368	1.653214	1.712933	4.187879
396	-2687.209	-3307.891	620.6817	1.818668	1.455409	4.018368
402	-2676.588	-3296.628	620.04	1.684451	1.796895	4.32505
408	-2685.793	-3307.118	621.325	1.639945	1.404154	3.774315
414	-2677.398	-3298.43	621.0315	1.639945	1.386454	3.950783
420	-2682.222	-3302.102	619.8794	1.497959	1.688536	4.560538
426	-2672.666	-3293.286	620.6206	1.556483	1.364513	4.242127
432	-2675.088	-3294.639	619.5512	1.614444	1.698021	4.675675
438	-2683.688	-3304.1	620.4122	1.614444	1.80861	4.149564
444	-2680.88	-3301.139	620.2591	1.687116	2.02199	4.121592
450	-2671.488	-3292.086	620.5982	1.662021	1.535755	4.121592
456	-2672.265	-3291.551	619.2857	1.649763	2.137581	4.65493
462	-2686.926	-3307.091	620.165	1.579879	1.588542	4.392269
468	-2691.762	-3312.308	620.5461	1.569687	1.5414	4.201336
474	-2688.564	-3309.575	621.011	1.586906	1.499853	3.943738
480	-2678.27	-3299.644	621.3738	1.70425	1.679531	3.594128
486	-2689.485	-3310.888	621.4029	1.716734	1.618669	3.594128
492	-2688.92	-3309.482	620.5613	1.617114	1.668939	4.11523
498	-2703.576	-3325.323	621.7467	1.704673	1.668939	3.380418
504	-2688.027	-3309.62	621.5931	1.74998	1.510827	3.508681
510	-2675.988	-3297.166	621.1776	1.733864	1.661468	3.697746
516	-2692.412	-3313.937	621.5254	1.640671	1.425153	3.648773
522	-2685.533	-3307.302	621.7697	1.640671	1.268778	3.579445
528	-2678.586	-3299.254	620.6675	1.429721	1.496264	4.230472
534	-2674.239	-3295.769	621.5304	1.721608	1.465754	3.581096
540	-2680.572	-3301.838	621.2663	1.599046	1.461057	3.806711
546	-2674.89	-3295.251	620.3601	1.640374	1.396604	4.327878
552	-2671.598	-3291.792	620.1939	1.490632	1.373514	4.516148
558	-2674.485	-3294.478	619.9939	1.459267	1.256478	4.699302
564	-2673.435	-3294.673	621.2378	1.620933	1.363846	3.853536
570	-2695.61	-3316.903	621.2928	1.679171	1.653222	3.665973
576	-2692.942	-3313.533	620.5907	1.562495	1.717577	4.111099
582	-2688.05	-3308.745	620.6945	1.604418	1.60378	4.072063
588	-2670.276	-3291.747	621.471	1.716328	1.595405	3.564209
594	-2665.975	-3287.07	621.0947	1.635431	1.595405	3.828539
600	-2663.34	-3283.759	620.4188	1.635431	1.34166	4.321981
606	-2652.187	-3272.419	620.2317	1.635431	1.591646	4.321981
612	-2645.253	-3265.359	620.1059	1.653177	1.751648	4.321981
618	-2651.891	-3272.81	620.9191	1.592592	1.76636	3.888011
624	-2665.847	-3285.302	619.4547	1.501334	1.313479	4.950299
630	-2664.749	-3283.942	619.1934	1.293226	1.291071	5.220754
636	-2659.271	-3279.755	620.4836	1.395738	1.175072	4.499632
642	-2670.674	-3291.158	620.484	1.658237	1.493493	4.206125
648	-2681.36	-3302.025	620.6652	1.650529	1.459268	4.122014
654	-2674.453	-3296.451	621.9976	1.607603	1.326834	3.438015
660	-2672.939	-3294.945	622.006	1.620101	1.419055	3.383305
666	-2682.836	-3304.845	622.0089	1.776156	1.222991	3.383305
672	-2677.115	-3298.393	621.2779	1.827607	1.565897	3.623805
678	-2662.394	-3282.843	620.449	1.614826	1.589331	4.211537
684	-2681.153	-3301.344	620.1913	1.584691	1.6627	4.345802
690	-2664.468	-3284.049	619.5814	1.710116	1.83255	4.556309
696	-2669.56	-3290.736	621.1765	1.673384	1.648352	3.73848
702	-2668.603	-3289.988	621.3851	1.690893	1.366661	3.727093
708	-2661.148	-3281.956	620.8082	1.558384	1.647969	4.016069
714	-2666.873	-3286.905	620.0321	1.529942	1.488311	4.535846
720	-2676.341	-3298.815	622.4746	1.694393	1.617014	2.975584
726	-2672.427	-3294.204	621.7767	1.735785	1.136911	3.586759
732	-2666.927	-3287.933	621.0064	1.679572	1.173538	4.043567
738	-2671.812	-3292.831	621.0189	1.68875	1.232006	4.002158
744	-2679.984	-3299.996	620.0125	1.555135	1.684184	4.455204
750	-2686.269	-3305.161	618.8923	1.717744	1.492218	5.065656
756	-2666.073	-3287.591	621.5186	1.680395	1.432926	3.626228
762	-2663.442	-3284.616	621.1734	1.630271	1.276616	3.925689
768	-2666.273	-3286.481	620.2081	1.697973	1.630597	4.284667
774	-2660.9	-3281.889	620.9888	1.823558	1.524237	3.810428
780	-2668.52	-3289.868	621.3479	1.71894	1.529707	3.66124
786	-2668.176	-3289.225	621.0493	1.833645	1.460454	3.796855
792	-2666.61	-3287.724	621.1139	1.792113	1.693003	3.688653
798	-2669.045	-3291.028	621.9825	1.792113	1.404108	3.302754
804	-2660.462	-3281.312	620.85	1.783079	1.713517	3.838131
810	-2655.939	-3275.992	620.0532	1.697363	1.66635	4.358776
816	-2668.699	-3289.85	621.1512	1.626389	1.36867	3.897936
822	-2667.729	-3288.625	620.8959	1.626389	1.531647	3.973771
828	-2672.599	-3293.444	620.8447	1.483054	1.693884	4.02055
834	-2676.53	-3296.838	620.3078	1.517329	1.707757	4.300942
840	-2676.582	-3296.965	620.3824	1.616583	1.461071	4.300942
846	-2662.589	-3284.097	621.5086	1.812101	1.586243	3.490212
852	-2670.16	-3292.394	622.2341	1.853577	1.711414	2.985989
858	-2672.97	-3294.676	621.7067	1.728762	1.568837	3.430327
864	-2684.593	-3306.255	621.6624	1.788283	1.568837	3.421409
870	-2685.051	-3306.705	621.6541	1.664851	1.539215	3.510747
876	-2675.754	-3295.911	620.1573	1.5827	1.446141	4.45345
882	-2678.792	-3298.559	619.7673	1.56646	1.475351	4.669293
888	-2674.213	-3293.752	619.5392	1.569138	1.684562	4.712819
894	-2680.225	-3300.209	619.9838	1.386987	1.403888	4.678882
900	-2673.266	-3292.269	619.003	1.410985	2.035698	4.978122
906	-2673.022	-3292.793	619.7704	1.567935	1.313822	4.736994
912	-2672.794	-3292.847	620.0529	1.584374	1.448252	4.510374
918	-2697.133	-3317.414	620.2811	1.502661	1.263851	4.510374
924	-2681.882	-3303.265	621.3833	1.650528	1.407515	3.733056
930	-2678.76	-3299.465	620.7048	1.737504	1.850429	3.897201
936	-2675.087	-3295.406	620.3194	1.604006	1.712172	4.243644
942	-2663.01	-3283.33	620.3196	1.579544	1.6929	4.264626
948	-2672.435	-3292.979	620.5439	1.565028	1.400953	4.264626
954	-2671.443	-3292.269	620.8256	1.502234	1.306762	4.182904
960	-2678.7	-3298.979	620.2789	1.629269	1.824947	4.210964
966	-2686.167	-3306.517	620.3504	1.618301	2.025393	4.10764
972	-2671.111	-3290.965	619.8543	1.645473	2.019833	4.375293
978	-2675.95	-3296.161	620.2116	1.650214	1.588251	4.326338
984	-2676.701	-3298.091	621.3903	1.624603	1.675968	3.632208
990	-2674.73	-3297.004	622.2737	1.624603	1.424183	3.22058
996	-2677.679	-3296.913	619.2341	1.358757	1.720289	4.986912
1002	-2668.799	-3289.362	620.5634	1.651897	2.236404	3.899455
1008	-2690.115	-3311.686	621.5706	1.639139	1.731617	3.497335
1014	-2693.209	-3315.647	622.438	1.803913	1.383052	3.035028
1020	-2671.806	-3293.377	621.5711	1.641809	1.272111	3.692271
1026	-2679.991	-3300.991	620.9999	1.643717	1.54562	3.898522
1032	-2671.926	-3291.433	619.5069	1.413421	1.562787	4.864714
1038	-2670.808	-3291.628	620.8202	1.391834	1.196735	4.301198
1044	-2683.948	-3304.168	620.2199	1.535078	1.702602	4.342564
1050	-2678.697	-3299.625	620.9275	1.647346	1.684183	3.882839
1056	-2677.6	-3298.325	620.7254	1.593905	1.249788	4.214599
1062	-2674.892	-3294.666	619.7731	1.491245	1.39529	4.742149
1068	-2668.047	-3288.878	620.8316	1.613249	1.403343	4.072686
1074	-2658.32	-3277.632	619.3121	1.641789	1.837791	4.743635
1080	-2656.241	-3276.125	619.884	1.641789	1.885602	4.405887
1086	-2657.186	-3280.227	623.0411	1.652801	1.427961	2.740674
1092	-2671.068	-3291.857	620.7887	1.349867	1.580615	4.172568
1098	-2681.047	-3299.303	618.2558	1.36362	1.820902	5.489164
1104	-2684.799	-3304.628	619.8296	1.462893	1.501529	4.681601
1110	-2681.499	-3301.543	620.0444	1.632298	1.552457	4.445114
1116	-2686.238	-3307.082	620.8437	1.632298	1.549036	3.993051
1122	-2686.084	-3306.457	620.3734	1.528055	1.512764	4.334484
1128	-2672.052	-3291.248	619.1958	1.696718	2.087943	4.694558
1134	-2666.329	-3285.893	619.5644	1.548398	1.726949	4.694558
1140	-2657.746	-3275.67	617.9236	1.45398	1.852447	5.611191
1146	-2672.707	-3290.784	618.0767	1.590047	2.358318	5.29459
1152	-2676.501	-3297.36	620.8592	1.565178	1.812983	3.920945
1158	-2675.196	-3296.499	621.3029	1.597936	1.579088	3.736805
1164	-2682.388	-3302.95	620.5624	1.353445	1.557393	4.308123
1170	-2692.197	-3312.13	619.9331	1.423315	1.557393	4.623149
1176	-2682.028	-3301.424	619.3965	1.468505	1.571999	4.891883
1182	-2680.195	-3301.304	621.1087	1.653656	1.57347	3.818933
1188	-2686.526	-3307.553	621.0263	1.612082	1.32326	3.998379
1194	-2695.193	-3316.829	621.6365	1.612082	1.408078	3.608513
1200	-2696.363	-3317.695	621.3326	1.553241	1.654852	3.715139
1206	-2704.722	-3326.64	621.9178	1.627629	1.373982	3.451018
1212	-2695.566	-3316.341	620.7758	1.482717	1.27529	4.236968
1218	-2703.258	-3322.635	619.3771	1.458198	1.597223	4.898588
1224	-2704.764	-3324.143	619.3787	1.328716	2.535119	4.666901
1230	-2705.647	-3325.696	620.0492	1.376351	2.163948	4.371113
1236	-2686.491	-3306.991	620.4995	1.604239	1.42621	4.256538
1242	-2671.937	-3292.089	620.1522	1.548016	1.726879	4.364432
1248	-2684.68	-3304.798	620.1174	1.639735	1.726879	4.332266
1254	-2693.165	-3314.016	620.8506	1.5586	1.628863	3.999199
1260	-2695.263	-3315.409	620.146	1.524219	1.45712	4.488121
1266	-2693.028	-3313.225	620.1966	1.579682	1.32105	4.488121
1272	-2690.222	-3310.129	619.9072	1.422297	1.546545	4.642562
1278	-2689.174	-3309.275	620.1013	1.45232	1.257513	4.642562
1284	-2708.196	-3327.313	619.1172	1.45232	1.347759	5.149459
1290	-2711.805	-3330.236	618.4305	1.386283	1.663482	5.437186
1296	-2696.915	-3316.283	619.368	1.174364	1.551643	5.079294
1302	-2685.44	-3303.618	618.1784	1.375972	1.678174	5.576058
1308	-2679.038	-3297.541	618.5024	1.361674	1.959521	5.307466
1314	-2680.881	-3300.951	620.0694	1.500603	1.959521	4.355697
1320	-2723.757	-3344.18	620.4234	1.732028	1.765675	4.091899
1326	-2721.924	-3341.392	619.4686	1.666308	1.757948	4.670807
1332	-2690.213	-3312.082	621.8691	1.676643	1.24513	3.512187
1338	-2682.43	-3304.27	621.8397	1.75557	1.382865	3.417791
1344	-2679.322	-3300.749	621.427	1.755015	1.534748	3.59235
1350	-2691.126	-3310.91	619.7841	1.717315	1.447305	4.587136
1356	-2673.034	-3293.486	620.452	1.683355	1.726254	4.118
1362	-2664.094	-3286.371	622.2763	1.780075	1.463641	3.109015
1368	-2670.793	-3291.844	621.051	1.780075	1.738827	3.714451
1374	-2664.241	-3286.038	621.797	1.624645	1.466482	3.481981
1380	-2674.812	-3296.014	621.2027	1.791257	1.557801	3.691714
1386	-2668.061	-3288.418	620.3572	1.491623	1.412923	4.406404
1392	-2681.749	-3302.691	620.9427	1.589867	2.110914	3.756614
1398	-2674.144	-3295.109	620.9656	1.669213	1.732716	3.829853
1404	-2676.797	-3298.542	621.7456	1.720023	1.412173	3.480301
1410	-2674.454	-3295.535	621.0806	1.741781	1.381605	3.866397
1416	-2664.34	-3284.924	620.5836	1.692118	1.561785	4.102115
1422	-2679.772	-3301.434	621.6624	1.692118	2.093794	3.283125
1428	-2680.024	-3301.349	621.3251	1.775474	1.560811	3.628772
1434	-2676.225	-3297.177	620.9513	1.503551	1.775427	3.917229
1440	-2669.984	-3293.597	623.6129	1.748167	1.71466	2.194193
1446	-2673.837	-3297.284	623.4469	1.753534	1.438572	2.421464
1452	-2680.235	-3302.47	622.2352	1.753534	1.85554	2.989885
1458	-2667.593	-3289.219	621.6256	1.621093	1.751236	3.46829
1464	-2673.491	-3295.543	622.0519	1.715609	1.409266	3.304582
1470	-2669.804	-3291.179	621.3747	1.739875	1.409266	3.685648
1476	-2673.754	-3295.132	621.3783	1.736215	1.409266	3.685648
1482	-2677.46	-3298.937	621.4767	1.695224	1.515416	3.606335
1488	-2688.182	-3310.167	621.9849	1.878567	1.874626	3.057806
1494	-2692.302	-3314.806	622.5038	1.999572	1.546128	2.803617
1500	-2688.411	-3310.698	622.2874	1.565546	2.602093	2.827478
1506	-2668.453	-3289.052	620.5988	1.485247	1.874483	4.093385
1512	-2671.59	-3292.755	621.165	1.422184	1.773933	3.841807
1518	-2678.263	-3299.61	621.3472	1.479921	1.809047	3.690545
1524	-2685.64	-3306.544	620.904	1.506197	1.466281	4.065209
1530	-2684.389	-3305.478	621.0889	1.609904	2.440326	3.559134
1536	-2695.719	-3316.794	621.0753	1.60199	2.440326	3.571657
1542	-2685.478	-3305.651	620.1737	1.545048	1.748951	4.345761
1548	-2689.865	-3311.71	621.8456	1.545048	1.912481	3.32443
1554	-2679.554	-3302.104	622.5502	1.710207	1.713305	2.881131
1560	-2672.525	-3292.548	620.0236	1.507027	1.701161	4.469597
1566	-2674.331	-3295.787	621.4568	1.694694	1.412786	3.662719
1572	-2663.096	-3284.437	621.3409	1.736542	1.412866	3.705479
1578	-2665.737	-3285.987	620.2496	1.62979	1.921128	4.193556
1584	-2661.289	-3282.374	621.0848	1.670836	1.443606	3.877319
1590	-2664.827	-3286.576	621.7494	1.905641	1.531501	3.317138
1596	-2655.185	-3276.194	621.009	1.676112	1.531501	3.88051
1602	-2674.925	-3296.28	621.355	1.644399	1.423397	3.745883
1608	-2659.985	-3280.907	620.922	1.927266	1.630525	3.745883
1614	-2677.51	-3298.124	620.6133	1.790897	1.759577	3.952115
1620	-2681.303	-3301.997	620.6941	1.839964	1.551516	3.958854
1626	-2684.563	-3304.531	619.9683	1.553146	1.620946	4.505433
1632	-2697.267	-3316.56	619.2931	1.657697	1.675199	4.804362
1638	-2676.954	-3297.934	620.9796	1.740524	1.715996	3.787103
1644	-2676.773	-3297.611	620.838	1.791499	1.857346	3.787103
1650	-2683.642	-3304.218	620.576	1.675359	1.387065	4.189951
1656	-2679.662	-3300.069	620.4067	1.675359	1.296373	4.327001
1662	-2680.771	-3301.136	620.365	1.597623	1.448167	4.327001
1668	-2668.72	-3288.827	620.1071	1.676279	1.701235	4.327001
1674	-2677.087	-3298.551	621.4639	1.639447	1.437627	3.679588
1680	-2676.021	-3296.66	620.6391	1.500955	1.530023	4.192236
1686	-2681.189	-3301.671	620.4822	1.698139	1.402946	4.223244
1692	-2700.172	-3319.78	619.608	1.621117	1.29287	4.807548
1698	-2687.774	-3308.775	621.0003	1.564672	1.376949	4.015896
1704	-2689.132	-3308.29	619.1587	1.591393	1.561725	4.959929
1710	-2680.124	-3299.602	619.4773	1.618089	1.237317	4.907997
1716	-2683.736	-3303.19	619.454	1.556864	1.786823	4.729797
1722	-2690.783	-3310.409	619.6258	1.51004	1.372703	4.823762
1728	-2691.966	-3310.07	618.1034	1.367953	1.483095	5.697114
1734	-2682.552	-3300.583	618.031	1.325971	1.702231	5.675519
1740	-2697.88	-3316.918	619.0374	1.396613	1.5854	5.126036
1746	-2698.794	-3318.541	619.747	1.396613	1.638842	4.710401
1752	-2702.036	-3322.676	620.6394	1.61741	1.535808	4.123481
1758	-2708.098	-3328.531	620.4333	1.732555	1.666098	4.123481
1764	-2691.638	-3310.177	618.539	1.524248	1.891961	5.220015
1770	-2689.006	-3308.493	619.4876	1.437759	1.200531	5.020139
1776	-2686.52	-3306.953	620.4331	1.600242	1.194034	4.403453
1782	-2681.977	-3301.783	619.8056	1.453143	1.373731	4.754705
1788	-2674.836	-3294.543	619.7077	1.569472	1.479628	4.699207
1794	-2679.091	-3301.196	622.1049	1.689912	1.361556	3.310431
1800	-2697.303	-3317.455	620.1515	1.675108	1.726736	4.29303
1806	-2685.219	-3304.946	619.7276	1.725187	1.529693	4.58023
1812	-2671.848	-3291.934	620.0856	1.580296	1.69821	4.394494
1818	-2669.382	-3289.892	620.51	1.654378	1.432271	4.21954
1824	-2681.193	-3301.543	620.3506	1.649037	1.389014	4.331706
1830	-2683.502	-3304.052	620.5503	1.645258	1.154417	4.331706
1836	-2683.191	-3303.741	620.5504	1.645258	1.277963	4.271315
1842	-2697.401	-3318.659	621.2584	1.696226	1.381352	3.790441
1848	-2696.327	-3316.005	619.6785	1.511594	1.789016	4.628699
1854	-2672.892	-3293.295	620.4028	1.47069	1.576581	4.324368
1860	-2679.804	-3299.774	619.9704	1.593547	2.187678	4.285505
1866	-2678.363	-3299.985	621.6221	1.805882	1.668678	3.39423
1872	-2670.537	-3292.369	621.8317	1.750256	1.777161	3.261543
1878	-2674.42	-3296.07	621.6494	1.573535	1.362377	3.644066
1884	-2673.837	-3294.492	620.6552	1.598648	1.835141	4.010495
1890	-2687.494	-3308.208	620.7146	1.444759	1.404885	4.23431
1896	-2684.444	-3304.278	619.8333	1.547227	1.539581	4.616754
1902	-2676.038	-3296.33	620.2928	1.514075	1.371626	4.44817
1908	-2684.919	-3305.198	620.2793	1.751824	1.663883	4.200867
1914	-2682.052	-3303.782	621.7296	1.683519	1.329541	3.548834
1920	-2677.638	-3298.466	620.828	1.773825	1.616483	3.893827
1926	-2669.428	-3289.844	620.4159	1.575206	1.42033	4.322869
1932	-2669.961	-3290.402	620.4414	1.549655	1.42033	4.322869
1938	-2663.715	-3283.85	620.1348	1.610075	1.406709	4.467656
1944	-2656.801	-3278.366	621.5649	1.695774	1.42468	3.594098
1950	-2667.901	-3288.676	620.7746	1.591638	1.746848	3.978558
1956	-2677.983	-3299.236	621.2532	1.773196	1.809709	3.574777
1962	-2671.974	-3292.717	620.7432	1.76621	1.667707	3.926692
1968	-2653.881	-3274.776	620.8949	1.595083	1.413829	4.042362
1974	-2666.865	-3288.537	621.6718	1.635418	1.553093	3.511794
1980	-2678.205	-3297.128	618.9237	1.635418	1.931392	4.931678
1986	-2679.186	-3298.933	619.7466	1.369042	1.703719	4.701583
1992	-2675.314	-3294.942	619.6286	1.436882	1.780453	4.701583
1998	-2681.988	-3302.611	620.6228	1.444147	1.404437	4.286868
2004	-2673.704	-3293.304	619.6006	1.583542	1.624696	4.693215
2010	-2679.391	-3297.9	618.509	1.424848	1.806338	5.320972
2016	-2673.238	-3292.867	619.6291	1.556483	1.341733	4.80974
2022	-2666.402	-3286.841	620.4388	1.656809	1.760059	4.128052
2028	-2673.937	-3295.063	621.1262	1.664147	1.834894	3.702405
2034	-2659.521	-3280.135	620.6133	1.620599	1.431013	4.180665
2040	-2678.289	-3299.193	620.9045	1.662545	1.395423	4.006502
2046	-2685.286	-3305.482	620.1959	1.601128	1.861866	4.260845
2052	-2687.963	-3310.486	622.5221	1.75383	2.10928	2.724823
2058	-2690.423	-3312.891	622.4675	1.657218	1.931683	2.879791
2064	-2689.429	-3311.594	622.1653	1.677664	1.749509	3.11737
2070	-2689.478	-3311.341	621.863	1.653135	1.841373	3.27635
2076	-2683.105	-3304.418	621.3126	1.728913	1.383118	3.739583
2082	-2684.178	-3305.979	621.8008	1.596665	1.42949	3.512332
2088	-2669.933	-3291.217	621.2841	1.649802	1.465269	3.765447
2094	-2668.021	-3290.176	622.1545	1.657178	1.587142	3.201194
2100	-2677.296	-3298.194	620.8984	1.634302	1.295839	4.07146
2106	-2674.246	-3295.265	621.0189	1.754199	1.41775	3.878632
2112	-2679.525	-3300.969	621.444	1.589048	1.736631	3.598267
2118	-2682.849	-3304.32	621.4711	1.589048	1.720351	3.588766
2124	-2687.36	-3308.755	621.3948	1.707269	1.752422	3.552178
2130	-2688.631	-3309.677	621.046	1.707269	1.706896	3.77147
2136	-2673.187	-3294.689	621.502	1.698729	1.753422	3.494311
2142	-2678.657	-3299.874	621.2172	1.662599	1.448558	3.803806
2148	-2671.615	-3291.131	619.5156	1.34612	1.685911	4.850002
2154	-2675.689	-3297.172	621.4833	1.634003	1.711295	3.558991
2160	-2688.151	-3309.564	621.4128	1.778372	1.322174	3.681065
2166	-2689.197	-3310.747	621.55	1.778372	1.63212	3.467116
2172	-2683.137	-3304.995	621.8588	1.75471	1.533488	3.340742
2178	-2688.952	-3309.887	620.9346	1.702542	1.799377	3.803721
2184	-2685.705	-3307.245	621.5402	1.730897	1.382987	3.606719
2190	-2679.132	-3300.699	621.5663	1.666068	1.273503	3.680357
2196	-2671.101	-3291.656	620.5544	1.736993	1.476604	4.128459
2202	-2676.845	-3297.327	620.4818	1.669303	1.502549	4.197286
2208	-2682.357	-3303.271	620.9145	1.720187	1.664107	3.856232
2214	-2677.992	-3298.223	620.2312	1.48087	1.791897	4.333863
2220	-2687.624	-3306.981	619.3573	1.48159	1.547612	4.916144
2226	-2679.355	-3300.657	621.3019	1.585234	1.550108	3.756595
2232	-2660.099	-3281.732	621.6334	1.750745	1.510155	3.485016
2238	-2665.419	-3286.651	621.2313	1.886661	1.379712	3.696927
2244	-2662.651	-3283.723	621.0726	1.709859	1.878648	3.691205
2250	-2665.147	-3286.414	621.2677	1.752264	1.573289	3.670318
2256	-2661.157	-3281.822	620.6651	1.590691	1.502385	4.137915
2262	-2651.486	-3271.793	620.3071	1.595519	1.689652	4.263898
2268	-2672.136	-3293.096	620.9592	1.692873	1.497612	3.913636
2274	-2661.2	-3282.077	620.8764	1.713266	1.900972	3.794556
2280	-2663.79	-3285.102	621.3123	1.699228	1.864101	3.563549
2286	-2669.185	-3290.433	621.2477	1.707918	1.42573	3.770119
2292	-2669.287	-3289.592	620.3057	1.55245	1.379556	4.415747
2298	-2674.615	-3295.239	620.6249	1.640121	1.802213	4.016013
2304	-2670.813	-3292.168	621.3551	1.640121	1.33973	3.786044
2310	-2687.217	-3306.526	619.3081	1.500545	1.831056	4.827059
2316	-2682.273	-3302.176	619.9037	1.565142	1.223169	4.706385
2322	-2693.999	-3314.467	620.468	1.618013	1.356448	4.297356
2328	-2676.507	-3296.555	620.0487	1.618302	1.970006	4.297356
2334	-2680.463	-3300.946	620.4829	1.723089	1.65359	4.105467
2340	-2680.745	-3301.56	620.8149	1.723089	1.921908	3.817009
2346	-2678.768	-3298.466	619.6981	1.434622	1.471096	4.783501
2352	-2672.768	-3290.958	618.1898	1.446823	1.762217	5.500329
2358	-2684.003	-3302.81	618.8077	1.51415	1.753137	5.125369
2364	-2689.561	-3310.539	620.9772	1.71706	1.943317	3.719452
2370	-2699.413	-3320.314	620.9016	1.907159	1.943317	3.653215
2376	-2698.788	-3319.595	620.8067	1.982799	1.977993	3.652414
2382	-2694.939	-3316.635	621.6963	1.583623	1.861202	3.407918
2388	-2687.753	-3309.16	621.4078	1.606433	1.343167	3.773537
2394	-2687.19	-3307.812	620.622	1.730935	2.071358	3.872845
2400	-2673.201	-3294.55	621.3495	1.764224	1.693273	3.56804
2406	-2667.855	-3289.619	621.7647	1.809899	1.432418	3.407506
2412	-2664.187	-3286.664	622.4773	1.996154	1.478319	2.85182
2418	-2669.228	-3291.324	622.0959	1.941799	1.266823	3.212529
2424	-2674.506	-3295.912	621.4061	1.663905	1.37816	3.725375
2430	-2673.772	-3295.093	621.3211	1.645602	1.472037	3.743585
2436	-2680.526	-3300.464	619.9377	1.617592	1.284245	4.6291
2442	-2676.539	-3297.639	621.1007	1.775636	1.362641	3.843995
2448	-2663.634	-3284.177	620.5427	1.775636	1.468334	4.116673
2454	-2667.086	-3287.619	620.5327	1.80401	1.443765	4.116673
2460	-2669.31	-3289.469	620.1587	1.518266	1.748522	4.369549
2466	-2686.092	-3306.177	620.0849	1.509243	1.358485	4.57363
2472	-2678.087	-3298.007	619.9198	1.545123	1.299479	4.672746
2478	-2680.027	-3300.767	620.7397	1.70461	1.581423	3.998018
2484	-2675.111	-3296.348	621.2372	1.645873	1.268178	3.884158
2490	-2686.133	-3306.178	620.0448	1.834427	1.665022	4.286561
2496	-2671.86	-3292.689	620.8286	1.776832	1.458864	3.956838
2502	-2678.541	-3299.036	620.4959	1.684009	1.424706	4.214052
2508	-2681.089	-3301.565	620.4761	1.660287	1.482441	4.214052
2514	-2684.136	-3304.393	620.2563	1.625364	1.298191	4.439266
2520	-2689.201	-3309.768	620.5674	1.693997	1.795339	4.02058
2526	-2692.564	-3312.137	619.5732	1.693997	2.135328	4.469323
2532	-2680.885	-3302.268	621.3824	1.684388	1.679764	3.600618
2538	-2692.303	-3314.061	621.7582	1.703731	1.50107	3.443482
2544	-2723.349	-3343.671	620.3226	1.574847	1.832022	4.214517
2550	-2698.511	-3320.242	621.7308	1.836493	1.362655	3.443482
2556	-2697.198	-3319.457	622.2589	1.944857	1.607431	2.958687
2562	-2720.085	-3339.627	619.5415	1.571775	1.968208	4.609821
2568	-2694.292	-3315.981	621.6891	1.837506	1.557127	3.381807
2574	-2698.62	-3319.932	621.3124	1.79804	1.537014	3.632924
2580	-2697.185	-3318.815	621.6293	1.845073	1.398229	3.481482
2586	-2705.634	-3327.823	622.1892	1.622488	1.780885	3.123893
2592	-2700.066	-3320.439	620.3732	1.710459	1.571254	4.207471
2598	-2691.069	-3312.304	621.2346	1.735653	1.44088	3.755039
2604	-2691.059	-3313.387	622.3278	1.650623	1.458091	3.157878
2610	-2683.439	-3306.072	622.6327	1.552874	1.254519	3.130857
2616	-2683.317	-3304.836	621.5189	1.761591	1.617872	3.500831
2622	-2681.594	-3303.024	621.4302	1.90981	1.617872	3.466071
2628	-2686.585	-3307.427	620.8425	1.711113	1.773891	3.861121
2634	-2680.926	-3300.698	619.7717	1.490898	1.863451	4.561721
2640	-2688.127	-3308.146	620.0191	1.445472	1.670591	4.518314
2646	-2676.102	-3296.226	620.1241	1.492287	1.531132	4.487731
2652	-2684.701	-3305.197	620.4963	1.480429	1.333314	4.369559
2658	-2682.307	-3302.965	620.6587	1.602121	1.305248	4.221681
2664	-2680.342	-3300.795	620.4535	1.618916	1.551873	4.221681
2670	-2665.812	-3285.47	619.6583	1.576668	1.38678	4.762298
2676	-2670.411	-3291.072	620.6611	1.588735	1.128529	4.314264
2682	-2664.854	-3285.69	620.8353	1.608534	1.276364	4.13123
2688	-2688.03	-3306.635	618.6053	1.608534	1.756678	5.183892
2694	-2684.801	-3305.467	620.6657	1.609367	1.760134	4.025757
2700	-2683.172	-3303.689	620.5165	1.693879	1.533928	4.150666
2706	-2692.357	-3312.223	619.8666	1.615271	1.533928	4.562214
2712	-2671.194	-3291.314	620.1203	1.605073	1.36515	4.496902
2718	-2665.505	-3286.175	620.67	1.675642	1.564419	4.061214
2724	-2670.38	-3291.039	620.6592	1.747791	1.572076	4.023103
2730	-2673.34	-3294.183	620.8426	1.687367	1.572076	3.95282
2736	-2688.576	-3309.075	620.4989	1.549489	1.825689	4.131016
2742	-2696.224	-3317.509	621.285	1.637976	1.89065	3.60554
2748	-2689.174	-3310.164	620.9898	1.635375	1.509966	3.923867
2754	-2700.213	-3321.817	621.6041	1.770768	1.223098	3.622528
2760	-2690.144	-3309.856	619.7119	1.48269	1.762519	4.635713
2766	-2688.578	-3309.206	620.6278	1.433007	1.714015	4.164951
2772	-2675.425	-3296.992	621.5665	1.680628	1.494787	3.571415
2778	-2683.344	-3305.048	621.7044	1.682291	1.314231	3.571415
2784	-2679.714	-3301.006	621.2917	1.752494	1.797567	3.568912
2790	-2671.896	-3292.604	620.7076	1.658403	1.790131	3.962724
2796	-2677.796	-3298.058	620.2617	1.759366	2.365594	3.971823
2802	-2692.82	-3315.38	622.5594	1.776082	2.36077	2.604938
2808	-2699.62	-3319.314	619.6935	1.682162	2.040747	4.438426
2814	-2709.005	-3327.684	618.6791	1.511773	1.983794	5.118762
2820	-2682.447	-3304.234	621.787	1.679228	1.669403	3.371529
2826	-2659.726	-3280.817	621.0905	1.686318	1.417291	3.876674
2832	-2680.323	-3301.505	621.1819	1.595587	1.416435	3.876674
2838	-2680.537	-3299.079	618.542	1.455304	1.531333	5.388671
2844	-2672.876	-3294.435	621.5592	1.384592	1.243377	3.86133
2850	-2667.216	-3287.093	619.8763	1.472509	1.432322	4.678994
2856	-2672.471	-3292.248	619.7763	1.484261	1.333657	4.77151
2862	-2676.184	-3296.505	620.3208	1.613202	1.65698	4.258642
2868	-2682.274	-3302.112	619.8385	1.485856	1.709182	4.582555
2874	-2689.226	-3310.406	621.1804	1.663341	1.559734	3.777672
2880	-2687.139	-3307.904	620.7658	1.76844	1.37623	4.033755
2886	-2693.447	-3314.926	621.4798	1.76844	1.884971	3.417882
2892	-2690.86	-3310.905	620.0453	1.647347	1.578356	4.425758
2898	-2668.155	-3289.873	621.718	1.78038	1.578356	3.389536
2904	-2673.202	-3294.57	621.3673	1.827438	1.80012	3.480229
2910	-2667.085	-3287.561	620.4761	1.827438	1.562555	4.085997
2916	-2662.856	-3283.854	620.9975	1.82476	1.886508	3.665371
2922	-2671.275	-3292.353	621.0776	1.82476	1.870411	3.624709
2928	-2678.849	-3299.73	620.8815	1.852855	2.158131	3.624709
2934	-2687.343	-3306.94	619.5968	1.594809	1.468964	4.751489
2940	-2692.234	-3313.32	621.0856	1.526594	1.344018	4.003821
2946	-2683.761	-3302.597	618.8358	1.460849	1.878987	5.095192
2952	-2673.756	-3293.793	620.0368	1.351471	1.274437	4.727194
2958	-2662.279	-3282.836	620.5569	1.455874	1.415445	4.31271
2964	-2685.276	-3307.516	622.2395	1.574153	1.52924	3.224495
2970	-2674.508	-3294.377	619.8692	1.407904	1.52924	4.678897
2976	-2688.801	-3308.197	619.3968	1.437528	1.52924	4.926033
2982	-2675.432	-3296.956	621.5238	1.553552	1.52924	3.655316
2988	-2684.396	-3304.521	620.1254	1.456676	1.304187	4.604885
2994	-2675.42	-3295.234	619.8134	1.400613	1.580592	4.693698
3000	-2669.834	-3290.356	620.5228	1.55288	1.37701	4.293975
3006	-2673.261	-3293.363	620.1014	1.442206	1.491947	4.544729
3012	-2674.197	-3294.385	620.1879	1.495388	1.532324	4.449543
3018	-2681.215	-3303.209	621.9943	1.624422	1.366815	3.411456
3024	-2662.268	-3283.293	621.0248	1.681013	1.358682	3.943601
3030	-2677.624	-3298.097	620.4731	1.519696	1.140673	4.453097
3036	-2657.276	-3277.615	620.3389	1.404052	1.599842	4.388892
3042	-2670.962	-3291.456	620.4946	1.460175	1.31808	4.388892
3048	-2666.397	-3284.837	618.4393	1.647579	1.829943	5.228198
3054	-2683.805	-3303.853	620.0487	1.647579	2.351789	4.161048
3060	-2684.974	-3305.817	620.8426	1.588236	1.529873	4.026782
3066	-2682.07	-3302.625	620.5549	1.632133	1.557713	4.154256
3072	-2683.242	-3303.684	620.4418	1.62912	1.573705	4.213716
3078	-2687.254	-3308.06	620.8064	1.813272	1.745915	3.833621
3084	-2685.958	-3306.392	620.4344	1.76481	1.910378	4.015159
3090	-2693.508	-3314.755	621.2473	1.748013	1.964842	3.537401
3096	-2698.174	-3320.411	622.237	1.952831	1.827856	2.87908
3102	-2679.726	-3300.239	620.5129	1.509275	1.450143	4.292444
3108	-2679.828	-3302.378	622.55	1.648864	1.370887	3.066487
3114	-2672.862	-3294.927	622.0646	1.57688	1.268955	3.444611
3120	-2674.621	-3296.144	621.5223	1.692458	1.589003	3.550839
3126	-2677.493	-3299.794	622.3011	1.640207	1.623236	3.109232
3132	-2657.972	-3280.181	622.2085	1.656361	1.396328	3.253063
3138	-2654.7	-3277.773	623.0735	1.71648	1.396328	2.696731
3144	-2665.986	-3288.583	622.5968	1.688307	1.209398	3.094531
3150	-2679.857	-3302.413	622.5564	1.806411	1.632416	2.852185
3156	-2677.124	-3299.664	622.54	1.67917	1.765742	2.885319
3162	-2677.142	-3300.196	623.0546	1.791115	1.364489	2.677826
3168	-2674.85	-3297.377	622.5275	1.740858	1.122647	3.150517
3174	-2678.453	-3300.886	622.4329	1.546396	1.257271	3.251763
3180	-2677.472	-3297.109	619.6362	1.586902	1.818942	4.599516
3186	-2670.124	-3290.25	620.1253	1.550323	1.430333	4.496477
3192	-2668.692	-3289.664	620.9714	1.526426	1.392061	4.047481
3198	-2675.471	-3296.254	620.7831	1.527772	1.505298	4.105364
3204	-2697.688	-3319.465	621.7764	1.748007	1.546433	3.387606
3210	-2701.801	-3323.735	621.9346	1.748007	1.526988	3.302823
3216	-2710.74	-3331.051	620.3108	1.636897	1.344454	4.380873
3222	-2674.084	-3295.332	621.248	1.655142	1.141765	3.935665
3228	-2690.171	-3313.866	623.6945	1.8175	1.211396	2.340576
3234	-2680.015	-3300.31	620.2955	1.438218	1.850429	4.300727
3240	-2682.394	-3302.266	619.8718	1.738434	2.0569	4.300727
3246	-2686.565	-3306.861	620.2961	1.738434	1.588762	4.228372
3252	-2684.639	-3306.374	621.7347	1.867707	1.423189	3.395351
3258	-2677.352	-3298.996	621.6435	1.748427	1.719815	3.395351
3264	-2681.288	-3302.906	621.6179	1.880973	1.775996	3.310949
3270	-2692.97	-3314.269	621.2989	1.82548	1.971023	3.459958
3276	-2695.705	-3315.949	620.2435	1.670911	1.887422	4.18533
3282	-2690.445	-3312.335	621.8897	1.849784	1.390088	3.329863
3288	-2680.194	-3302.057	621.8631	1.927069	1.326162	3.329863
3294	-2686.299	-3307.769	621.4704	1.833719	1.41231	3.574379
3300	-2685.869	-3308.018	622.1489	2.067445	1.922285	2.827713
3306	-2671.266	-3293.873	622.607	1.976221	1.38638	2.827713
3312	-2674.421	-3296.644	622.2232	1.986605	1.629119	2.946002
3318	-2661.582	-3282.36	620.7786	1.722957	1.55932	3.974288
3324	-2676.82	-3296.044	619.2241	1.601382	1.711061	4.86084
3330	-2669.277	-3290.53	621.2532	1.647497	1.546477	3.750261
3336	-2679.343	-3299.418	620.0757	1.637356	2.005703	4.259324
3342	-2688.044	-3308.233	620.1887	1.746372	1.653546	4.259324
3348	-2707.642	-3327.03	619.3875	1.458248	1.526926	4.920574
3354	-2703.852	-3322.998	619.1462	1.500232	1.822183	4.920574
3360	-2692.254	-3312.131	619.8772	1.500232	1.512992	4.629314
3366	-2699.975	-3320.373	620.3976	1.411093	1.987656	4.211145
3372	-2691.899	-3313.091	621.192	1.544358	1.51578	3.857637
3378	-2688.396	-3308.416	620.0197	1.619926	1.51578	4.480897
3384	-2700.221	-3319.669	619.448	1.579106	2.161362	4.596151
3390	-2691.118	-3310.384	619.2657	1.599955	1.928647	4.761694
3396	-2671.2	-3290.34	619.1399	1.475325	1.325906	5.13388
3402	-2661.513	-3281.84	620.3267	1.488425	1.75948	4.287374
3408	-2658.333	-3279.284	620.9514	1.526866	1.476491	4.022034
3414	-2663.493	-3282.957	619.464	1.526866	1.476491	4.860376
3420	-2696.425	-3316.659	620.2333	1.567072	1.479712	4.405304
3426	-2688.851	-3309.144	620.2924	1.604756	1.353609	4.405304
3432	-2699.612	-3321.537	621.925	1.649232	1.577289	3.34546
3438	-2705.539	-3326.548	621.009	1.831818	1.967755	3.626176
3444	-2706.39	-3327.386	620.9964	1.653978	1.77408	3.805455
3450	-2693.669	-3312.632	618.963	1.466938	1.548023	5.143012
3456	-2677.288	-3297.366	620.078	1.466938	1.688855	4.466215
3462	-2670.093	-3289.842	619.7488	1.657407	1.968433	4.445078
3468	-2667.189	-3289.626	622.4373	1.657407	1.724439	2.976601
3474	-2675.173	-3296.91	621.7366	1.556863	1.492789	3.545311
3480	-2665.927	-3286.209	620.2826	1.605493	1.611513	4.302271
3486	-2684.695	-3305.832	621.1373	1.749429	1.733274	3.684349
3492	-2674.961	-3296.483	621.5222	1.686348	1.682376	3.517093
3498	-2666.457	-3285.16	618.7031	1.469517	1.499011	5.304958
3504	-2668.457	-3287.039	618.582	1.447384	1.704065	5.304958
3510	-2677.962	-3296.914	618.9516	1.396103	1.657727	5.146167
3516	-2670.091	-3289.492	619.4006	1.710948	1.873314	4.643024
3522	-2665.859	-3286.759	620.8996	1.623532	1.843518	3.853259
3528	-2667.504	-3287.271	619.7669	1.543184	1.953345	4.504254
3534	-2668.312	-3287.384	619.0715	1.543184	1.588673	5.024549
3540	-2672.745	-3293.481	620.7361	1.694342	1.46791	4.052984
3546	-2672.068	-3292.964	620.8965	1.619951	1.356077	4.052984
3552	-2689.666	-3310.551	620.885	1.680006	1.278367	4.061274
3558	-2696.364	-3316.552	620.1884	1.337277	1.520286	4.543123
3564	-2688.706	-3307.501	618.7956	1.449406	1.686034	5.192459
3570	-2682.781	-3302.785	620.0041	1.441126	1.576373	4.565779
3576	-2690.065	-3309.954	619.8896	1.525657	1.329744	4.68677
3582	-2696.732	-3316.949	620.2177	1.559678	1.250436	4.520297
3588	-2696.391	-3318.135	621.7443	1.536007	1.250436	3.6638
3594	-2677.159	-3299.461	622.302	1.687534	1.260285	3.244263
3600	-2679.737	-3301.332	621.595	1.500943	1.368389	3.714799
3606	-2691.487	-3312.794	621.3066	1.636107	1.408463	3.785204
3612	-2696.143	-3315.143	619.0003	1.477936	1.517531	5.128474
3618	-2703.972	-3323.367	619.395	1.477936	1.812588	4.797705
3624	-2697.263	-3315.783	618.52	1.442657	1.638075	5.366361
3630	-2682.307	-3301.849	619.5419	1.439442	1.576092	4.825452
3636	-2691.923	-3312.431	620.5082	1.769402	1.653735	4.064618
3642	-2710.261	-3330.755	620.4944	1.542968	1.576734	4.231568
3648	-2720.765	-3340.319	619.5539	1.549302	1.576734	4.757157
3654	-2704.13	-3324.896	620.7655	1.45031	2.054506	3.957007
3660	-2697.173	-3320.271	623.0984	1.631863	1.411594	2.726126
3666	-2693.504	-3315.493	621.9884	1.700213	1.411594	3.349944
3672	-2691.637	-3311.788	620.151	1.643345	1.609615	4.356017
3678	-2698.77	-3318.288	619.5179	1.691254	1.637564	4.674245
3684	-2690.425	-3310.725	620.2999	1.616413	1.598894	4.29132
3690	-2683.219	-3304.089	620.8697	1.606332	1.600554	3.972206
3696	-2686.509	-3307.634	621.1255	1.673791	1.501052	3.827676
3702	-2691.094	-3312.355	621.2614	1.645482	1.652086	3.704112
3708	-2696.56	-3317.97	621.4096	1.59254	1.516786	3.704112
3714	-2710.477	-3331.848	621.3711	1.743056	1.568051	3.617906
3720	-2700.451	-3320.469	620.0186	1.677549	1.359032	4.516058
3726	-2688.624	-3309.093	620.4688	1.645345	1.520808	4.2107
3732	-2688.381	-3309.843	621.4618	1.696114	1.409407	3.660462
3738	-2679.718	-3301.717	621.9988	1.736497	1.409407	3.323472
3744	-2681.575	-3302.168	620.5938	1.634737	1.866389	4.013849
3750	-2668.949	-3290.046	621.0969	1.634737	1.792041	3.75193
3756	-2675.523	-3294.059	618.5361	1.528667	1.792041	5.253746
3762	-2670.667	-3291.857	621.1902	1.602942	1.516046	3.824891
3768	-2676.758	-3297.958	621.2001	1.728142	1.543731	3.735539
3774	-2671.179	-3291.824	620.6449	1.680336	1.307968	4.183849
3780	-2684.699	-3304.307	619.6082	1.587898	1.568672	4.708427
3786	-2683.951	-3303.983	620.0319	1.614326	1.529749	4.471489
3792	-2677.42	-3298.802	621.3825	1.736462	1.527188	3.632068
3798	-2688.914	-3308.025	619.111	1.697944	2.272088	4.684811
3804	-2697.494	-3318.386	620.8923	1.540606	1.511986	4.032991
3810	-2675.502	-3295.979	620.4761	1.558754	1.344744	4.331558
3816	-2677.899	-3297.395	619.4963	1.538004	1.556707	4.803594
3822	-2693.189	-3314.83	621.6413	1.593393	1.419745	3.61136
3828	-2688.731	-3310.773	622.042	1.765684	1.495306	3.24268
3834	-2693.884	-3314.638	620.7548	1.801597	1.516159	3.960666
3840	-2735.314	-3355.607	620.2931	1.627495	1.686801	4.254797
3846	-2728.807	-3348.915	620.1077	1.614839	1.510981	4.436188
3852	-2702.64	-3321.743	619.1023	1.489208	1.561455	5.048128
3858	-2683.047	-3302.683	619.6355	1.445332	1.613176	4.755442
3864	-2667.399	-3288.708	621.3095	1.672053	1.581888	3.689007
3870	-2663.444	-3283.847	620.4032	1.674993	1.623464	4.189845
3876	-2675.032	-3295.251	620.219	1.670705	1.614756	4.300131
3882	-2685.782	-3307.353	621.5712	1.680398	1.265396	3.673134
3888	-2687.91	-3310.118	622.2075	2.014865	1.568705	2.96388
3894	-2696.744	-3319.289	622.5451	1.852901	1.778119	2.771833
3900	-2686.027	-3307.753	621.7256	1.831868	1.302116	3.477659
3906	-2687.332	-3308.471	621.1385	1.713893	1.39975	3.841072
3912	-2692.048	-3313.012	620.9639	1.568218	1.662641	3.915635
3918	-2682.158	-3304.103	621.9446	1.56628	1.714688	3.327436
3924	-2676.327	-3297.957	621.6304	1.581871	1.348033	3.656874
3930	-2684.673	-3306.03	621.357	1.639382	1.351204	3.780122
3936	-2672.829	-3294.775	621.9459	1.56737	1.54058	3.396597
3942	-2681.489	-3302.913	621.4236	1.479161	1.010411	4.007034
3948	-2676.944	-3297.75	620.8059	1.594141	1.955397	3.884679
3954	-2695.693	-3315.436	619.7431	1.318466	1.494874	4.81338
3960	-2687.793	-3308.345	620.5524	1.511283	1.286053	4.342179
3966	-2687.968	-3308.994	621.026	1.399819	1.132988	4.212254
3972	-2692.879	-3312.87	619.9902	1.336422	1.240512	4.777562
3978	-2675.511	-3295.019	619.5087	1.595786	1.523882	4.777562
3984	-2676.96	-3297.156	620.1963	1.563024	1.756425	4.320114
3990	-2670.813	-3291.877	621.0642	1.563024	1.564395	3.900209
3996	-2679.108	-3300.262	621.1534	1.563024	1.442771	3.900209
4002	-2673.633	-3293.812	620.1796	1.56994	1.573354	4.395659
4008	-2683.895	-3303.905	620.0104	1.666329	1.573354	4.436761
4014	-2681.223	-3300.784	619.5614	1.493863	1.707611	4.733861
4020	-2700.462	-3321.178	620.7165	1.693126	1.521819	4.04218
4026	-2688.924	-3310.634	621.71	1.588905	1.679514	3.465516
4032	-2673.114	-3294.38	621.2666	1.61204	1.767882	3.675983
4038	-2676.968	-3296.282	619.3136	1.538067	1.226333	5.048697
4044	-2687.22	-3306.143	618.9226	1.32226	1.330914	5.336375
4050	-2679.536	-3299.681	620.1453	1.704333	1.560685	4.344223
4056	-2669.764	-3290.516	620.752	1.53111	1.560685	4.098376
4062	-2681.406	-3301.486	620.0798	1.44206	1.263533	4.657497
4068	-2675.101	-3294.482	619.3806	1.49948	1.438092	4.93811
4074	-2679.756	-3300.486	620.7301	1.512835	1.716956	4.060208
4080	-2691.37	-3313.074	621.7039	1.595252	1.845959	3.402228
4086	-2682.13	-3302.606	620.4759	1.779182	1.844867	4.006331
4092	-2684.569	-3306.501	621.9326	1.794345	1.872192	3.140098
4098	-2699.031	-3321.902	622.871	1.812775	1.546458	2.693205
4104	-2696.203	-3318.4	622.1973	1.915919	1.727022	2.964478
4110	-2687.157	-3309.17	622.0131	1.812775	1.699451	3.147169
4116	-2694.218	-3315.238	621.0198	1.787407	1.611276	3.777819
4122	-2682.443	-3302.705	620.2617	1.474231	1.580249	4.400604
4128	-2663.113	-3284.01	620.8971	1.731151	1.45093	3.947216
4134	-2668.943	-3290.551	621.6077	1.731151	1.541885	3.498052
4140	-2682.331	-3303.509	621.1781	1.736719	1.582086	3.727548
4146	-2681.155	-3302.012	620.8574	1.747169	2.072717	3.727548
4152	-2690.423	-3310.389	619.966	1.533219	1.448304	4.587915
4158	-2688.169	-3308.259	620.0905	1.554536	1.228663	4.605014
4164	-2673.867	-3293.6	619.7337	1.593355	1.965825	4.490526
4170	-2679.02	-3298.606	619.5862	1.454613	1.64941	4.763872
4176	-2685.312	-3306.479	621.1661	1.655779	1.25173	3.927173
4182	-2691.878	-3313.341	621.4633	1.756842	1.523322	3.574963
4188	-2681.439	-3301.513	620.0741	1.502615	1.8881	4.376318
4194	-2673.984	-3293.583	619.5987	1.609253	1.65842	4.666957
4200	-2691.272	-3312.957	621.6845	1.725644	1.401276	3.51759
4206	-2678.239	-3299.661	621.4221	1.725644	1.760476	3.522527
4212	-2684.337	-3305.764	621.4269	1.619698	1.563935	3.658759
4218	-2688.875	-3309.85	620.9754	1.782034	1.622082	3.802171
4224	-2691.841	-3312.855	621.014	1.777777	1.46469	3.847459
4230	-2690.317	-3310.915	620.5976	1.555597	1.690598	4.121276
4236	-2694.847	-3315.91	621.0639	1.593535	1.397829	3.953703
4242	-2670.415	-3291.664	621.2483	1.553711	1.397829	3.870863
4248	-2676.59	-3297.391	620.801	1.705379	1.47402	4.00702
4254	-2688.106	-3309.28	621.1739	1.812728	1.504426	3.718245
4260	-2688.309	-3310.116	621.8069	1.797998	1.492981	3.36313
4266	-2684.877	-3306.724	621.8474	1.665099	1.622618	3.36313
4272	-2703.271	-3324.774	621.5035	1.769814	1.47597	3.564305
4278	-2694.921	-3316.376	621.4544	1.413019	1.771089	3.681265
4284	-2687.642	-3310.455	622.8134	1.575311	1.705955	2.806259
4290	-2665.284	-3287.771	622.487	1.637341	1.209071	3.190304
4296	-2678.686	-3301.407	622.7207	1.695863	1.56102	2.849893
4302	-2676.914	-3299.843	622.9285	1.648252	1.491694	2.783025
4308	-2669.402	-3292.052	622.6497	1.682213	1.8304	2.791852
4314	-2677.227	-3297.97	620.7428	1.41036	1.489508	4.201609
4320	-2679.201	-3300.089	620.8882	1.417276	1.677936	4.039362
4326	-2695.997	-3316.46	620.463	1.573807	1.673142	4.194121
4332	-2685.741	-3306.11	620.3687	1.469373	1.719626	4.28916
4338	-2692.428	-3312.503	620.075	1.581799	2.193134	4.231237
4344	-2685.048	-3305.469	620.4209	1.431041	1.7298	4.27752
4350	-2686.179	-3307.211	621.0317	1.580847	2.063643	3.725931
4356	-2679.046	-3299.334	620.2883	1.525713	1.537387	4.373769
4362	-2694.729	-3316.598	621.8692	1.651995	1.578051	3.376251
4368	-2700.871	-3322.618	621.7475	1.669939	1.388618	3.519069
4374	-2698.789	-3320.111	621.3227	1.733048	2.022032	3.482553
4380	-2696.527	-3317.796	621.2689	1.683393	1.810758	3.617421
4386	-2715.853	-3336.754	620.9012	1.691445	2.081291	3.731628
4392	-2706.697	-3327.865	621.1685	1.688882	1.92732	3.630628
4398	-2698.694	-3317.772	619.0787	1.533177	1.717678	4.977337
4404	-2705.422	-3328.218	622.7962	1.690933	1.509482	2.829596
4410	-2695.12	-3316.934	621.8139	1.761251	1.490333	3.381779
4416	-2688.768	-3309.583	620.8158	1.615839	1.289024	4.132222
4422	-2694.767	-3315.612	620.8455	1.461381	1.167685	4.261995
4428	-2690.655	-3311.275	620.6196	1.507459	1.579251	4.179649
4434	-2681.733	-3301.308	619.5752	1.600359	1.935703	4.585774
4440	-2685.449	-3306.418	620.9681	1.47153	2.15123	3.797195
4446	-2689.5	-3309.99	620.4901	1.567509	1.47481	4.26193
4452	-2707.946	-3326.66	618.7142	1.537371	1.494305	5.263245
4458	-2693.882	-3314.073	620.1906	1.574984	1.872907	4.274814
4464	-2688.224	-3307.246	619.0216	1.439295	1.398568	5.187479
4470	-2669.41	-3288.054	618.6438	1.439295	1.268939	5.453527
4476	-2672.842	-3293.327	620.485	1.545639	1.495384	4.268608
4482	-2678.967	-3299.745	620.7773	1.468366	1.635777	4.0898
4488	-2678.486	-3299.593	621.1077	1.623771	1.601557	3.825346
4494	-2684.428	-3303.991	619.5633	1.526029	1.445104	4.818584
4500	-2699.913	-3320.587	620.6741	1.575273	1.336025	4.213986
4506	-2697.167	-3318.027	620.8598	1.670621	2.130163	3.75163
4512	-2695.631	-3315.396	619.7648	1.550225	1.544473	4.651532
4518	-2696.408	-3317.499	621.0912	1.609778	1.544473	3.866066
4524	-2702.058	-3322.717	620.6583	1.737033	1.666011	3.992619
4530	-2692.181	-3312.535	620.3537	1.562025	2.077642	4.120713
4536	-2693.348	-3315.003	621.6553	1.736491	2.077642	3.266518
4542	-2706.954	-3328.967	622.0133	1.736491	1.519175	3.266518
4548	-2709.627	-3332.59	622.9635	1.711028	1.590443	2.679723
4554	-2708.949	-3332.114	623.1642	1.901077	1.735648	2.374662
4560	-2706.373	-3329.244	622.8717	2.049019	1.9675	2.374662
4566	-2691.859	-3313.223	621.3639	1.903108	2.157506	3.313675
4572	-2697.003	-3317.504	620.5007	1.694361	1.421452	4.206853
4578	-2696.705	-3317.984	621.2785	1.716603	1.421452	3.749267
4584	-2690.022	-3310.741	620.7194	1.72232	1.903455	3.878735
4590	-2683.011	-3303.685	620.6736	1.661133	1.3551	4.156914
4596	-2676.481	-3296.799	620.318	1.690363	1.817049	4.156914
4602	-2675.31	-3296.026	620.716	1.741553	1.655149	3.961285
4608	-2670.76	-3291.173	620.4135	1.657914	1.696215	4.165643
4614	-2665.068	-3285.308	620.2398	1.690254	1.861827	4.185422
4620	-2669.206	-3290.909	621.7029	1.67298	1.406735	3.535117
4626	-2679.935	-3301.842	621.907	1.924903	1.870184	3.078284
4632	-2678.297	-3300.788	622.4905	1.817002	1.447005	2.96617
4638	-2678.878	-3300.534	621.6559	1.763586	1.197354	3.609564
4644	-2675.885	-3297.864	621.9789	1.76646	1.329176	3.354768
4650	-2676.278	-3296.555	620.2771	1.668684	1.458766	4.331976
4656	-2681.315	-3301.379	620.0638	1.694255	1.469243	4.433507
4662	-2689.222	-3308.994	619.7719	1.522984	1.570822	4.652272
4668	-2693.148	-3314.432	621.2838	1.721181	1.830357	3.579637
4674	-2699.149	-3319.832	620.6834	1.784305	1.780808	3.907891
4680	-2704.484	-3325.008	620.5244	1.775231	1.629097	4.061651
4686	-2696.538	-3317.247	620.7096	1.741842	1.629097	3.974984
4692	-2689.746	-3310.258	620.5125	1.846437	1.767727	3.974984
4698	-2684.616	-3305.101	620.4848	1.631697	1.121819	4.39303
4704	-2699.504	-3320.585	621.0811	1.754251	1.121819	3.984837
4710	-2692.632	-3312.999	620.3666	1.639676	1.87901	4.136105
4716	-2673.963	-3294.489	620.5263	1.726021	1.647873	4.081319
4722	-2684.813	-3305.699	620.8867	1.625597	1.557688	3.968816
4728	-2674.823	-3295.3	620.4763	1.597978	1.679512	4.170386
4734	-2682.688	-3303.361	620.6728	1.642889	1.851055	3.969508
4740	-2680.958	-3300.786	619.8275	1.607636	1.950554	4.434801
4746	-2680.873	-3300.35	619.4769	1.607636	2.009927	4.612146
4752	-2686.649	-3306.685	620.0364	1.661511	1.788608	4.343067
4758	-2688.813	-3307.443	618.6304	1.45244	1.644107	5.297756
4764	-2682.887	-3301.242	618.3549	1.396536	1.644847	5.480145
4770	-2686.601	-3305.754	619.1534	1.383437	2.064919	4.900424
4776	-2680.226	-3300.429	620.2031	1.739892	2.094861	4.099606
4782	-2696.031	-3316.979	620.9487	1.519456	1.476075	4.02798
4788	-2689.61	-3310.193	620.5828	1.605079	1.611116	4.132403
4794	-2677.586	-3298.844	621.2585	1.514725	1.431452	3.87254
4800	-2696.454	-3317.177	620.723	1.453978	1.918	4.025263
4806	-2696.912	-3318.057	621.145	1.492354	1.948419	3.750531
4812	-2690.742	-3310.645	619.9032	1.445399	1.707076	4.569735
4818	-2695.792	-3315.614	619.8227	1.614535	1.57765	4.569735
4824	-2688.932	-3310.541	621.6092	1.551604	1.633806	3.564104
4830	-2690.131	-3311.18	621.0491	1.499407	2.157794	3.732347
4836	-2684.691	-3306.528	621.8372	1.475336	1.739003	3.434482
4842	-2683.307	-3304.185	620.8774	1.477354	1.815385	3.959936
4848	-2670.354	-3290.67	620.3165	1.400938	1.663502	4.3786
4854	-2681.769	-3303.152	621.383	1.603983	1.40532	3.761062
4860	-2683.5	-3304.964	621.4635	1.570268	1.957675	3.517493
4866	-2680.976	-3302.73	621.7531	1.540631	1.695602	3.462245
4872	-2677.091	-3299.524	622.4321	1.585219	1.430885	3.14697
4878	-2693.818	-3314.555	620.7363	1.558904	1.109491	4.298465
4884	-2688.416	-3309.279	620.8627	1.654326	1.77591	3.881414
4890	-2690.335	-3312.922	622.5868	1.561304	1.329714	3.116324
4896	-2682.97	-3304.075	621.1047	1.540999	1.264974	4.021616
4902	-2696.021	-3317.508	621.4872	1.791557	1.400423	3.594393
4908	-2695.681	-3317.919	622.2384	1.64938	1.839785	3.056209
4914	-2687.937	-3307.564	619.6276	1.609993	1.670508	4.64572
4920	-2679.589	-3299.809	620.2196	1.469927	1.474426	4.469938
4926	-2678.327	-3298.768	620.4411	1.50095	1.474426	4.327525
4932	-2674.756	-3296.025	621.2691	1.640648	1.682415	3.690564
4938	-2676.28	-3296.259	619.9796	1.618851	1.387167	4.55852
4944	-2690.249	-3311.336	621.0871	1.59369	1.63792	3.84002
4950	-2682.768	-3304.087	621.3191	1.651186	1.440303	3.755287
4956	-2687.258	-3307.253	619.995	1.528982	1.552566	4.531042
4962	-2688.832	-3309.016	620.184	1.430455	1.641574	4.445088
4968	-2683.379	-3302.699	619.3195	1.430455	1.688179	4.911398
4974	-2694.238	-3313.552	619.3141	1.338633	1.450451	5.059245
4980	-2688.961	-3309.056	620.0946	1.446723	1.721825	4.455902
4986	-2685.154	-3307.667	622.5122	1.796653	1.549157	2.92014
4992	-2715.815	-3334.752	618.9372	1.277393	1.948842	5.117119
4998	-2707.769	-3326.202	618.4336	1.396256	1.996558	5.314238
5004	-2681.325	-3301.495	620.1698	1.37226	1.394487	4.587007
5010	-2686.274	-3307.491	621.217	1.374643	1.49829	3.947976
5016	-2687.469	-3308.922	621.453	1.374643	1.355018	3.875397
5022	-2695.079	-3316.07	620.9907	1.582916	1.70532	3.875397
5028	-2691.136	-3310.503	619.3666	1.514512	1.714991	4.828393
5034	-2698.692	-3318.667	619.9749	1.491466	1.662642	4.520362
5040	-2703.5	-3324.035	620.5357	1.672488	1.304104	4.252017
5046	-2684.735	-3305.463	620.7281	1.593307	1.516776	4.094598
5052	-2680.361	-3300.829	620.4677	1.598799	1.516776	4.239402
5058	-2682.51	-3301.792	619.2816	1.583516	1.720105	4.835448
5064	-2698.183	-3318.646	620.4627	1.522084	1.416891	4.327928
5070	-2688.154	-3308.23	620.0761	1.478792	1.809286	4.416372
5076	-2685.419	-3305.496	620.0776	1.457712	1.809286	4.427387
5082	-2685.534	-3306.535	621.0004	1.491917	1.624533	3.953391
5088	-2678.043	-3299.35	621.307	1.517312	1.767832	3.707424
5094	-2676.25	-3297.417	621.1669	1.724175	1.6164	3.727386
5100	-2679.612	-3301.325	621.7133	1.85072	1.491228	3.387915
5106	-2700.168	-3323.23	623.0615	1.70055	1.293201	2.764264
5112	-2685.632	-3307.035	621.4033	1.764097	1.679795	3.542097
5118	-2681.858	-3303.6	621.7415	1.761191	1.500157	3.419978
5124	-2685.323	-3307.083	621.7609	1.860272	1.450305	3.372244
5130	-2655.22	-3276.677	621.4569	1.766267	1.412086	3.62149
5136	-2663.495	-3284.768	621.2736	1.655754	1.560311	3.728027
5142	-2666.653	-3288.041	621.388	1.655754	1.357595	3.749866
5148	-2670.65	-3290.249	619.5995	1.560256	1.837948	4.62832
5154	-2679.111	-3299.423	620.312	1.612827	1.591016	4.289593
5160	-2675.32	-3297.204	621.8837	1.834012	1.391069	3.342215
5166	-2677.537	-3299.416	621.8783	1.766324	1.390991	3.38517
5172	-2670.404	-3291.928	621.5243	1.650897	1.38729	3.660389
5178	-2667.073	-3288.282	621.2097	1.634926	1.38729	3.851098
5184	-2664.696	-3285.861	621.1646	1.678043	1.389841	3.851098
5190	-2668.537	-3290.654	622.1168	1.776809	1.524429	3.179192
5196	-2661.953	-3283.135	621.1824	1.728743	1.734914	3.669588
5202	-2673.762	-3294.389	620.6268	1.682054	1.700336	4.028868
5208	-2688.38	-3310.168	621.7885	1.881541	1.473563	3.333326
5214	-2695.77	-3316.588	620.8189	1.739004	1.477549	3.976066
5220	-2685.179	-3307.849	622.6697	1.772803	1.531815	2.846842
5226	-2690.988	-3312.147	621.1587	1.792914	2.053228	3.532775
5232	-2678.47	-3300.216	621.7457	1.64563	1.391991	3.532775
5238	-2684.408	-3304.96	620.5517	1.579701	1.429102	4.239634
5244	-2690.248	-3312.098	621.8499	1.598066	1.584402	3.416585
5250	-2690.702	-3310.685	619.9829	1.615861	1.981269	4.332146
5256	-2694.823	-3315.063	620.2405	1.591581	1.359273	4.439454
5262	-2683.613	-3304.193	620.58	1.591581	1.639837	4.130385
5268	-2695.628	-3316.309	620.681	1.57933	1.4233	4.16897
5274	-2685.114	-3306.584	621.4702	1.457071	1.4233	3.787519
5280	-2685.23	-3307.468	622.2375	1.632728	1.45554	3.223154
5286	-2693.68	-3315.466	621.786	1.807231	1.462051	3.383464
5292	-2697.461	-3318.054	620.5928	1.602834	1.504373	4.171276
5298	-2699.712	-3321.799	622.0873	1.851431	1.679154	3.088035
5304	-2689.275	-3310.418	621.1431	1.749084	1.521663	3.7655
5310	-2687.729	-3308.61	620.8808	1.808712	1.588303	3.854798
5316	-2672.818	-3293.913	621.0955	1.72802	1.412892	3.851834
5322	-2700.398	-3320.52	620.1219	1.806584	1.460469	4.341064
5328	-2682.782	-3303.42	620.6378	1.597076	1.352303	4.214838
5334	-2689.906	-3310.678	620.772	1.68066	1.275938	4.126389
5340	-2690.286	-3311.983	621.6972	1.678808	1.485277	3.500423
5346	-2697.053	-3317.662	620.6088	1.592689	1.703726	4.088815
5352	-2686.344	-3305.146	618.8019	1.553259	1.698481	5.126866
5358	-2695.03	-3312.481	617.4509	1.212096	1.758465	6.034724
5364	-2695.776	-3315.465	619.6895	1.463969	1.381858	4.809929
5370	-2688.588	-3308.698	620.1095	1.503163	1.448119	4.524265
5376	-2692.756	-3310.835	618.079	1.370753	1.726852	5.615678
5382	-2680.263	-3298.912	618.6486	1.452084	1.200679	5.475907
5388	-2682.052	-3301.1	619.0482	1.314865	1.578596	5.167996
5394	-2692.894	-3313.645	620.7509	1.476343	1.427924	4.18574
5400	-2693.181	-3311.953	618.7721	1.353477	1.551237	5.310002
5406	-2694.965	-3315.587	620.6217	1.483014	1.551237	4.203626
5412	-2693.004	-3312.43	619.4259	1.546234	1.464793	4.875683
5418	-2692.574	-3311.953	619.3788	1.49818	1.524711	4.904131
5424	-2686.966	-3306.071	619.1046	1.549534	1.856964	4.904131
5430	-2684.778	-3305.121	620.3429	1.347446	1.341161	4.527307
5436	-2675.559	-3294.444	618.8848	1.411828	1.84226	5.107854
5442	-2696.585	-3316.75	620.1645	1.457991	1.32473	4.572846
5448	-2704.293	-3321.99	617.6972	1.388473	1.842243	5.774644
5454	-2700.893	-3320.556	619.6628	1.385436	1.403373	4.85931
5460	-2690.03	-3311.375	621.3444	1.487728	1.445609	3.832504
5466	-2684.649	-3305.64	620.9917	1.563718	1.409365	4.006952
5472	-2692.69	-3314.722	622.0322	1.697227	1.518424	3.278908
5478	-2690.607	-3310.78	620.1725	1.626164	1.333049	4.470077
5484	-2690.372	-3310.77	620.3979	1.413831	1.226672	4.51238
5490	-2707.959	-3328.503	620.5439	1.621631	1.308983	4.273931
5496	-2698.119	-3319.789	621.6701	1.73555	1.298701	3.567798
5502	-2695.975	-3318.029	622.0544	1.644228	1.388062	3.354809
5508	-2685	-3305.554	620.5531	1.644228	1.145314	4.335321
5514	-2678.02	-3297.582	619.5624	1.479571	1.145314	4.982565
5520	-2673.304	-3295.889	622.5852	1.788916	1.227299	3.03213
5526	-2670.053	-3292.067	622.0136	1.575437	1.53715	3.353568
5532	-2669.961	-3291.058	621.0969	1.457994	1.297971	4.057795
5538	-2671.972	-3292.852	620.8808	1.591813	1.401289	4.057795
5544	-2662.44	-3283.891	621.4507	1.633583	1.488301	3.668674
5550	-2668.045	-3288.231	620.1867	1.549794	1.669993	4.365362
